smali files found [525]
framework resource id found in [./android.policy.jar.out/smali/com/android/internal/policy/impl/IconUtilities.smali]
adding comment for [0x101038d] -> name=[colorPressedHighlight] type=[attr] line=[214]
adding comment for [0x101038f] -> name=[colorFocusedHighlight] type=[attr] line=[243]
adding comment for [0x101009c] -> name=[state_focused] type=[attr] line=[659]
adding comment for [0x10100a7] -> name=[state_pressed] type=[attr] line=[676]
added [4] comments
saving [./android.policy.jar.out/smali/com/android/internal/policy/impl/IconUtilities.smali]
framework resource id found in [./android.policy.jar.out/smali/com/android/internal/policy/impl/GlobalActions.smali]
correcting id for name=[ic_menu_cc] type=[drawable] [0x1080326] -> [0x1080340] line=[798]
correcting id for name=[ic_lock_airplane_mode] type=[drawable] [0x10802d9] -> [0x10802dd] line=[1072]
correcting id for name=[ic_lock_airplane_mode_off] type=[drawable] [0x10802da] -> [0x10802de] line=[1074]
correcting id for name=[global_actions_toggle_airplane_mode] type=[string] [0x10400ed] -> [0x10400f1] line=[1076]
correcting id for name=[global_actions_airplane_mode_on_status] type=[string] [0x10400ee] -> [0x10400f2] line=[1078]
correcting id for name=[global_actions_airplane_mode_off_status] type=[string] [0x10400ef] -> [0x10400f3] line=[1080]
adding comment for [0x1080030] -> name=[ic_lock_power_off] type=[drawable] line=[1103]
correcting id for name=[global_action_power_off] type=[string] [0x10400e6] -> [0x10400ea] line=[1105]
correcting id for name=[ic_lock_reboot] type=[drawable] [0x10802dc] -> [0x10802df] line=[1116]
correcting id for name=[factorytest_reboot] type=[string] [0x104033e] -> [0x1040342] line=[1118]
error: resource id not found for [0x10802db] line=[1129]
error: resource id not found for [0x104054f] line=[1131]
correcting id for name=[stat_sys_adb] type=[drawable] [0x1080523] -> [0x1080544] line=[1164]
correcting id for name=[global_action_bug_report] type=[string] [0x10400e7] -> [0x10400eb] line=[1166]
corrected [11] resource id's
added [12] comments
saving [./android.policy.jar.out/smali/com/android/internal/policy/impl/GlobalActions.smali]
framework resource id found in [./android.policy.jar.out/smali/com/android/internal/policy/impl/RecentApplicationsDialog.smali]
adding comment for [0x10302fc] -> name=[Theme.Dialog.RecentApplications] type=[style] line=[49]
correcting id for name=[recent_apps_dialog] type=[layout] [0x10900ae] -> [0x10900b2] line=[786]
correcting id for name=[button0] type=[id] [0x1020353] -> [0x102035a] line=[811]
adding comment for [0x1020019] -> name=[button1] type=[id] line=[824]
adding comment for [0x102001a] -> name=[button2] type=[id] line=[837]
adding comment for [0x102001b] -> name=[button3] type=[id] line=[852]
correcting id for name=[button4] type=[id] [0x1020354] -> [0x102035b] line=[867]
correcting id for name=[button5] type=[id] [0x1020355] -> [0x102035c] line=[882]
correcting id for name=[button6] type=[id] [0x1020356] -> [0x102035d] line=[897]
correcting id for name=[button7] type=[id] [0x1020357] -> [0x102035e] line=[912]
correcting id for name=[no_applications_message] type=[id] [0x1020352] -> [0x1020359] line=[923]
corrected [7] resource id's
added [11] comments
saving [./android.policy.jar.out/smali/com/android/internal/policy/impl/RecentApplicationsDialog.smali]
framework resource id found in [./android.policy.jar.out/smali/com/android/internal/policy/impl/PatternUnlockScreen$UnlockPatternListener.smali]
correcting id for name=[lockscreen_pattern_wrong] type=[string] [0x10402ee] -> [0x10402f2] line=[343]
corrected [1] resource id
added [1] comment
saving [./android.policy.jar.out/smali/com/android/internal/policy/impl/PatternUnlockScreen$UnlockPatternListener.smali]
framework resource id found in [./android.policy.jar.out/smali/com/android/internal/policy/impl/PhoneWindow.smali]
correcting id for name=[progress_circular] type=[id] [0x102035f] -> [0x1020366] line=[609]
correcting id for name=[progress_horizontal] type=[id] [0x1020360] -> [0x1020367] line=[763]
adding comment for [0x102023f] -> name=[left_icon] type=[id] line=[850]
adding comment for [0x1020241] -> name=[right_icon] type=[id] line=[1045]
adding comment for [0x10a0001] -> name=[fade_out] type=[anim] line=[1077]
adding comment for [0x1020016] -> name=[title] type=[id] line=[1200]
adding comment for [0x1020242] -> name=[title_container] type=[id] line=[1236]
correcting id for name=[action_bar] type=[id] [0x1020362] -> [0x1020369] line=[1294]
correcting id for name=[split_action_bar] type=[id] [0x1020364] -> [0x102036b] line=[1392]
correcting id for name=[action_context_bar] type=[id] [0x1020363] -> [0x102036a] line=[1420]
adding comment for [0x10103e7] -> name=[dialogTitleIconsDecorLayout] type=[attr] line=[4508]
adding comment for [0x1020002] -> name=[content] type=[id] line=[4579]
correcting id for name=[screen_title_icons] type=[layout] [0x10900bc] -> [0x10900c0] line=[4700]
correcting id for name=[screen_progress] type=[layout] [0x10900b8] -> [0x10900bc] line=[4719]
adding comment for [0x10103e8] -> name=[dialogCustomTitleDecorLayout] type=[attr] line=[4757]
correcting id for name=[screen_custom_title] type=[layout] [0x10900b7] -> [0x10900bb] line=[4789]
adding comment for [0x10103e9] -> name=[dialogTitleDecorLayout] type=[attr] line=[4825]
correcting id for name=[screen_title] type=[layout] [0x10900bb] -> [0x10900bf] line=[4888]
correcting id for name=[screen_simple_overlay_action_mode] type=[layout] [0x10900ba] -> [0x10900be] line=[4903]
correcting id for name=[screen_simple] type=[layout] [0x10900b9] -> [0x10900bd] line=[4911]
adding comment for [0x1010397] -> name=[actionBarWidgetTheme] type=[attr] line=[5424]
adding comment for [0x1020242] -> name=[title_container] type=[id] line=[5761]
corrected [11] resource id's
added [22] comments
saving [./android.policy.jar.out/smali/com/android/internal/policy/impl/PhoneWindow.smali]
framework resource id found in [./android.policy.jar.out/smali/com/android/internal/policy/impl/SimPukUnlockScreen$1$1.smali]
correcting id for name=[badPuk] type=[string] [0x104007f] -> [0x1040083] line=[119]
corrected [1] resource id
added [1] comment
saving [./android.policy.jar.out/smali/com/android/internal/policy/impl/SimPukUnlockScreen$1$1.smali]
framework resource id found in [./android.policy.jar.out/smali/com/android/internal/policy/impl/LockScreen$GlowPadViewMethods.smali]
correcting id for name=[ic_action_assist_generic] type=[drawable] [0x1080294] -> [0x1080298] line=[403]
correcting id for name=[ic_lockscreen_camera] type=[drawable] [0x10802e1] -> [0x10802e8] line=[404]
correcting id for name=[ic_lockscreen_silent] type=[drawable] [0x10802f6] -> [0x108030c] line=[405]
correcting id for name=[ic_lockscreen_unlock] type=[drawable] [0x10802ff] -> [0x1080315] line=[406]
correcting id for name=[ic_lockscreen_unlock_phantom] type=[drawable] [0x1080302] -> [0x1080318] line=[407]
correcting id for name=[ic_action_assist_generic] type=[drawable] [0x1080294] -> [0x1080298] line=[461]
adding comment for [0x1070009] -> name=[lockscreen_targets_when_silent] type=[array] line=[492]
correcting id for name=[ic_lockscreen_camera] type=[drawable] [0x10802e1] -> [0x10802e8] line=[611]
adding comment for [0x107000c] -> name=[lockscreen_targets_when_soundon] type=[array] line=[646]
adding comment for [0x107000e] -> name=[lockscreen_targets_with_camera] type=[array] line=[652]
corrected [7] resource id's
added [10] comments
saving [./android.policy.jar.out/smali/com/android/internal/policy/impl/LockScreen$GlowPadViewMethods.smali]
framework resource id found in [./android.policy.jar.out/smali/com/android/internal/policy/impl/GlobalActions$GlobalActionsDialog.smali]
adding comment for [0x1010309] -> name=[alertDialogTheme] type=[attr] line=[101]
added [1] comment
saving [./android.policy.jar.out/smali/com/android/internal/policy/impl/GlobalActions$GlobalActionsDialog.smali]
framework resource id found in [./android.policy.jar.out/smali/com/android/internal/policy/impl/LockScreen$SlidingTabMethods.smali]
correcting id for name=[lockscreen_sound_on_label] type=[string] [0x1040318] -> [0x104031c] line=[121]
correcting id for name=[lockscreen_sound_off_label] type=[string] [0x1040319] -> [0x104031d] line=[146]
correcting id for name=[ic_jog_dial_vibrate_on] type=[drawable] [0x10802d7] -> [0x10802db] line=[279]
correcting id for name=[jog_tab_target_yellow] type=[drawable] [0x10803b2] -> [0x10803cc] line=[291]
correcting id for name=[jog_tab_bar_right_sound_on] type=[drawable] [0x108039b] -> [0x10803b5] line=[303]
correcting id for name=[jog_tab_right_sound_on] type=[drawable] [0x10803ae] -> [0x10803c8] line=[315]
correcting id for name=[ic_jog_dial_sound_off] type=[drawable] [0x10802d4] -> [0x10802d8] line=[333]
correcting id for name=[ic_jog_dial_sound_on] type=[drawable] [0x10802d5] -> [0x10802d9] line=[338]
correcting id for name=[jog_tab_target_gray] type=[drawable] [0x10803af] -> [0x10803c9] line=[343]
correcting id for name=[jog_tab_bar_right_sound_off] type=[drawable] [0x108039a] -> [0x10803b4] line=[348]
correcting id for name=[jog_tab_right_sound_off] type=[drawable] [0x10803ad] -> [0x10803c7] line=[353]
corrected [11] resource id's
added [11] comments
saving [./android.policy.jar.out/smali/com/android/internal/policy/impl/LockScreen$SlidingTabMethods.smali]
framework resource id found in [./android.policy.jar.out/smali/com/android/internal/policy/impl/SimPukUnlockScreen$TouchInput.smali]
correcting id for name=[zero] type=[id] [0x10203a6] -> [0x10203ad] line=[59]
correcting id for name=[one] type=[id] [0x102039d] -> [0x10203a4] line=[70]
correcting id for name=[two] type=[id] [0x102039e] -> [0x10203a5] line=[81]
correcting id for name=[three] type=[id] [0x102039f] -> [0x10203a6] line=[92]
correcting id for name=[four] type=[id] [0x10203a0] -> [0x10203a7] line=[103]
correcting id for name=[five] type=[id] [0x10203a1] -> [0x10203a8] line=[114]
correcting id for name=[six] type=[id] [0x10203a2] -> [0x10203a9] line=[125]
correcting id for name=[seven] type=[id] [0x10203a3] -> [0x10203aa] line=[136]
correcting id for name=[eight] type=[id] [0x10203a4] -> [0x10203ab] line=[147]
correcting id for name=[nine] type=[id] [0x10203a5] -> [0x10203ac] line=[158]
adding comment for [0x1020276] -> name=[cancel] type=[id] line=[169]
corrected [10] resource id's
added [11] comments
saving [./android.policy.jar.out/smali/com/android/internal/policy/impl/SimPukUnlockScreen$TouchInput.smali]
framework resource id found in [./android.policy.jar.out/smali/com/android/internal/policy/impl/PhoneWindow$DecorView.smali]
adding comment for [0x10103e4] -> name=[actionModePopupWindowStyle] type=[attr] line=[2643]
adding comment for [0x10102eb] -> name=[actionBarSize] type=[attr] line=[2693]
correcting id for name=[action_mode_bar_stub] type=[id] [0x102035c] -> [0x1020363] line=[2817]
corrected [1] resource id
added [3] comments
saving [./android.policy.jar.out/smali/com/android/internal/policy/impl/PhoneWindow$DecorView.smali]
framework resource id found in [./android.policy.jar.out/smali/com/android/internal/policy/impl/GlobalActions$SilentModeToggleAction.smali]
correcting id for name=[ic_audio_vol_mute] type=[drawable] [0x10802a3] -> [0x10802a7] line=[32]
correcting id for name=[ic_audio_vol] type=[drawable] [0x10802a2] -> [0x10802a6] line=[34]
correcting id for name=[global_action_toggle_silent_mode] type=[string] [0x10400ea] -> [0x10400ee] line=[36]
correcting id for name=[global_action_silent_mode_on_status] type=[string] [0x10400eb] -> [0x10400ef] line=[38]
correcting id for name=[global_action_silent_mode_off_status] type=[string] [0x10400ec] -> [0x10400f0] line=[40]
corrected [5] resource id's
added [5] comments
saving [./android.policy.jar.out/smali/com/android/internal/policy/impl/GlobalActions$SilentModeToggleAction.smali]
framework resource id found in [./android.policy.jar.out/smali/com/android/internal/policy/impl/GlobalActions$ToggleAction.smali]
adding comment for [0x1090043] -> name=[global_actions_item] type=[layout] line=[117]
adding comment for [0x1020006] -> name=[icon] type=[id] line=[125]
adding comment for [0x102000b] -> name=[message] type=[id] line=[135]
adding comment for [0x1020284] -> name=[status] type=[id] line=[145]
added [4] comments
saving [./android.policy.jar.out/smali/com/android/internal/policy/impl/GlobalActions$ToggleAction.smali]
framework resource id found in [./android.policy.jar.out/smali/com/android/internal/policy/impl/KeyguardViewMediator.smali]
adding comment for [0x10e0005] -> name=[config_lockSoundVolumeDb] type=[integer] line=[530]
correcting id for name=[status_bar_device_locked] type=[string] [0x1040508] -> [0x104050c] line=[935]
correcting id for name=[stat_sys_secure] type=[drawable] [0x1080556] -> [0x1080577] line=[947]
corrected [2] resource id's
added [3] comments
saving [./android.policy.jar.out/smali/com/android/internal/policy/impl/KeyguardViewMediator.smali]
framework resource id found in [./android.policy.jar.out/smali/com/android/internal/policy/impl/PatternUnlockScreen.smali]
correcting id for name=[keyguard_screen_unlock_portrait] type=[layout] [0x109006e] -> [0x1090071] line=[155]
correcting id for name=[lockPattern] type=[id] [0x10202fb] -> [0x10202fd] line=[176]
correcting id for name=[forgotPatternButton] type=[id] [0x10202fa] -> [0x10202fc] line=[187]
correcting id for name=[lockscreen_forgot_pattern_button_text] type=[string] [0x104030d] -> [0x1040311] line=[200]
correcting id for name=[keyguard_screen_unlock_landscape] type=[layout] [0x109006d] -> [0x1090070] line=[282]
corrected [5] resource id's
added [5] comments
saving [./android.policy.jar.out/smali/com/android/internal/policy/impl/PatternUnlockScreen.smali]
framework resource id found in [./android.policy.jar.out/smali/com/android/internal/policy/impl/PhoneWindowManager$23.smali]
correcting id for name=[android_upgrading_title] type=[string] [0x10403e7] -> [0x10403eb] line=[79]
corrected [1] resource id
added [1] comment
saving [./android.policy.jar.out/smali/com/android/internal/policy/impl/PhoneWindowManager$23.smali]
framework resource id found in [./android.policy.jar.out/smali/com/android/internal/policy/impl/KeyguardViewManager.smali]
adding comment for [0x103006b] -> name=[Theme.Holo] type=[style] line=[80]
adding comment for [0x10301e2] -> name=[Animation.LockScreen] type=[style] line=[556]
adding comment for [0x1020243] -> name=[lock_screen] type=[id] line=[655]
added [3] comments
saving [./android.policy.jar.out/smali/com/android/internal/policy/impl/KeyguardViewManager.smali]
framework resource id found in [./android.policy.jar.out/smali/com/android/internal/policy/impl/PhoneWindowManager$2.smali]
adding comment for [0x10e0017] -> name=[config_longPressOnPowerBehavior] type=[integer] line=[69]
added [1] comment
saving [./android.policy.jar.out/smali/com/android/internal/policy/impl/PhoneWindowManager$2.smali]
framework resource id found in [./android.policy.jar.out/smali/com/android/internal/policy/impl/SimPukUnlockScreen.smali]
correcting id for name=[keyguard_screen_sim_puk_landscape] type=[layout] [0x1090067] -> [0x109006a] line=[138]
correcting id for name=[headerText] type=[id] [0x10202ec] -> [0x10202ed] line=[144]
correcting id for name=[pukDisplay] type=[id] [0x10202f5] -> [0x10202f6] line=[155]
correcting id for name=[pinDisplay] type=[id] [0x10202ee] -> [0x10202ef] line=[166]
correcting id for name=[pukDel] type=[id] [0x10202f6] -> [0x10202f7] line=[177]
adding comment for [0x10202e8] -> name=[pinDel] type=[id] line=[186]
adding comment for [0x10202a6] -> name=[ok] type=[id] line=[195]
correcting id for name=[keyguard_password_enter_puk_code] type=[string] [0x10402dd] -> [0x10402e1] line=[221]
correcting id for name=[keyguard_screen_sim_puk_portrait] type=[layout] [0x1090068] -> [0x109006b] line=[270]
correcting id for name=[invalidPuk] type=[string] [0x1040082] -> [0x1040086] line=[382]
correcting id for name=[invalidPin] type=[string] [0x1040081] -> [0x1040085] line=[429]
correcting id for name=[lockscreen_sim_unlock_progress_dialog_message] type=[string] [0x1040305] -> [0x1040309] line=[503]
correcting id for name=[keyguard_password_enter_puk_code] type=[string] [0x10402dd] -> [0x10402e1] line=[891]
corrected [11] resource id's
added [13] comments
saving [./android.policy.jar.out/smali/com/android/internal/policy/impl/SimPukUnlockScreen.smali]
framework resource id found in [./android.policy.jar.out/smali/com/android/internal/policy/impl/EnableAccessibilityController.smali]
adding comment for [0x105006b] -> name=[accessibility_touch_slop] type=[dimen] line=[139]
added [1] comment
saving [./android.policy.jar.out/smali/com/android/internal/policy/impl/EnableAccessibilityController.smali]
framework resource id found in [./android.policy.jar.out/smali/com/android/internal/policy/impl/keyguard/ClockView.smali]
correcting id for name=[clock_text] type=[id] [0x1020305] -> [0x1020307] line=[323]
corrected [1] resource id
added [1] comment
saving [./android.policy.jar.out/smali/com/android/internal/policy/impl/keyguard/ClockView.smali]
framework resource id found in [./android.policy.jar.out/smali/com/android/internal/policy/impl/keyguard/TargetDrawable.smali]
adding comment for [0x101009e] -> name=[state_enabled] type=[attr] line=[84]
adding comment for [0x10100a2] -> name=[state_active] type=[attr] line=[85]
adding comment for [0x101009e] -> name=[state_enabled] type=[attr] line=[91]
adding comment for [0x101009e] -> name=[state_enabled] type=[attr] line=[98]
adding comment for [0x101009c] -> name=[state_focused] type=[attr] line=[100]
adding comment for [0x101009c] -> name=[state_focused] type=[attr] line=[701]
added [6] comments
saving [./android.policy.jar.out/smali/com/android/internal/policy/impl/keyguard/TargetDrawable.smali]
framework resource id found in [./android.policy.jar.out/smali/com/android/internal/policy/impl/keyguard/KeyguardMessageArea.smali]
correcting id for name=[kg_text_message_separator] type=[string] [0x1040543] -> [0x1040547] line=[155]
correcting id for name=[lockscreen_charged] type=[string] [0x10402f2] -> [0x10402f6] line=[327]
correcting id for name=[lockscreen_plugged_in] type=[string] [0x10402f1] -> [0x10402f5] line=[356]
correcting id for name=[lockscreen_low_battery] type=[string] [0x10402f4] -> [0x10402f8] line=[371]
corrected [4] resource id's
added [4] comments
saving [./android.policy.jar.out/smali/com/android/internal/policy/impl/keyguard/KeyguardMessageArea.smali]
framework resource id found in [./android.policy.jar.out/smali/com/android/internal/policy/impl/keyguard/KeyguardSelectorView$1.smali]
correcting id for name=[ic_action_assist_generic] type=[drawable] [0x1080294] -> [0x1080298] line=[315]
correcting id for name=[ic_lockscreen_camera] type=[drawable] [0x10802e1] -> [0x10802e8] line=[316]
correcting id for name=[ic_lockscreen_unlock] type=[drawable] [0x10802ff] -> [0x1080315] line=[317]
correcting id for name=[ic_lockscreen_unlock_phantom] type=[drawable] [0x1080302] -> [0x1080318] line=[318]
corrected [4] resource id's
added [4] comments
saving [./android.policy.jar.out/smali/com/android/internal/policy/impl/keyguard/KeyguardSelectorView$1.smali]
framework resource id found in [./android.policy.jar.out/smali/com/android/internal/policy/impl/keyguard/KeyguardSimPukView$4$1.smali]
correcting id for name=[kg_invalid_puk] type=[string] [0x1040533] -> [0x1040537] line=[125]
corrected [1] resource id
added [1] comment
saving [./android.policy.jar.out/smali/com/android/internal/policy/impl/keyguard/KeyguardSimPukView$4$1.smali]
framework resource id found in [./android.policy.jar.out/smali/com/android/internal/policy/impl/keyguard/ClockView$AmPm.smali]
correcting id for name=[am_pm] type=[id] [0x1020306] -> [0x1020308] line=[37]
corrected [1] resource id
added [1] comment
saving [./android.policy.jar.out/smali/com/android/internal/policy/impl/keyguard/ClockView$AmPm.smali]
framework resource id found in [./android.policy.jar.out/smali/com/android/internal/policy/impl/keyguard/KeyguardSimPinPukView$7$1.smali]
correcting id for name=[keyguard_password_enter_pin_code] type=[string] [0x10402dc] -> [0x10402e0] line=[54]
corrected [1] resource id
added [1] comment
saving [./android.policy.jar.out/smali/com/android/internal/policy/impl/keyguard/KeyguardSimPinPukView$7$1.smali]
framework resource id found in [./android.policy.jar.out/smali/com/android/internal/policy/impl/keyguard/KeyguardWidgetPager.smali]
correcting id for name=[keyguard_accessibility_widget] type=[string] [0x1040322] -> [0x1040326] line=[607]
adding comment for [0x10202a7] -> name=[keyguard_add_widget] type=[id] line=[1283]
corrected [1] resource id
added [2] comments
saving [./android.policy.jar.out/smali/com/android/internal/policy/impl/keyguard/KeyguardWidgetPager.smali]
framework resource id found in [./android.policy.jar.out/smali/com/android/internal/policy/impl/keyguard/KeyguardPasswordView.smali]
adding comment for [0x10202bf] -> name=[passwordEntry] type=[id] line=[240]
correcting id for name=[kg_wrong_password] type=[string] [0x1040525] -> [0x1040529] line=[250]
adding comment for [0x10202c0] -> name=[switch_ime_button] type=[id] line=[333]
correcting id for name=[kg_password_instructions] type=[string] [0x104052b] -> [0x104052f] line=[556]
corrected [2] resource id's
added [4] comments
saving [./android.policy.jar.out/smali/com/android/internal/policy/impl/keyguard/KeyguardPasswordView.smali]
framework resource id found in [./android.policy.jar.out/smali/com/android/internal/policy/impl/keyguard/NumPadKey.smali]
adding comment for [0x1070012] -> name=[lockscreen_num_pad_klondike] type=[array] line=[168]
adding comment for [0x10302a5] -> name=[TextAppearance.NumPadKey.Klondike] type=[style] line=[218]
added [2] comments
saving [./android.policy.jar.out/smali/com/android/internal/policy/impl/keyguard/NumPadKey.smali]
framework resource id found in [./android.policy.jar.out/smali/com/android/internal/policy/impl/keyguard/MediatekCarrierText.smali]
correcting id for name=[lockscreen_missing_sim_message_short] type=[string] [0x10402f5] -> [0x10402f9] line=[287]
correcting id for name=[lockscreen_network_locked_message] type=[string] [0x1040301] -> [0x1040305] line=[400]
correcting id for name=[lockscreen_permanent_disabled_sim_message_short] type=[string] [0x10402f9] -> [0x10402fd] line=[436]
correcting id for name=[lockscreen_sim_locked_message] type=[string] [0x1040304] -> [0x1040308] line=[468]
correcting id for name=[lockscreen_sim_puk_locked_message] type=[string] [0x1040302] -> [0x1040306] line=[487]
correcting id for name=[lockscreen_carrier_default] type=[string] [0x10402e6] -> [0x10402ea] line=[525]
correcting id for name=[kg_text_message_separator] type=[string] [0x1040543] -> [0x1040547] line=[1414]
corrected [7] resource id's
added [7] comments
saving [./android.policy.jar.out/smali/com/android/internal/policy/impl/keyguard/MediatekCarrierText.smali]
framework resource id found in [./android.policy.jar.out/smali/com/android/internal/policy/impl/keyguard/KeyguardViewMediator.smali]
adding comment for [0x10e0005] -> name=[config_lockSoundVolumeDb] type=[integer] line=[582]
correcting id for name=[status_bar_device_locked] type=[string] [0x1040508] -> [0x104050c] line=[1085]
correcting id for name=[stat_sys_secure] type=[drawable] [0x1080556] -> [0x1080577] line=[1097]
adding comment for [0x1080027] -> name=[ic_dialog_alert] type=[drawable] line=[1268]
adding comment for [0x104000a] -> name=[ok] type=[string] line=[1284]
corrected [2] resource id's
added [5] comments
saving [./android.policy.jar.out/smali/com/android/internal/policy/impl/keyguard/KeyguardViewMediator.smali]
framework resource id found in [./android.policy.jar.out/smali/com/android/internal/policy/impl/keyguard/KeyguardMultiUserSelectorView.smali]
correcting id for name=[keyguard_multi_user_avatar] type=[layout] [0x109005a] -> [0x109005d] line=[129]
adding comment for [0x10202bc] -> name=[keyguard_users_grid] type=[id] line=[392]
corrected [1] resource id
added [2] comments
saving [./android.policy.jar.out/smali/com/android/internal/policy/impl/keyguard/KeyguardMultiUserSelectorView.smali]
framework resource id found in [./android.policy.jar.out/smali/com/android/internal/policy/impl/keyguard/KeyguardAbsKeyInputView.smali]
correcting id for name=[kg_wrong_password] type=[string] [0x1040525] -> [0x1040529] line=[135]
adding comment for [0x10202b0] -> name=[keyguard_selector_fade_container] type=[id] line=[346]
adding comment for [0x10202ac] -> name=[keyguard_bouncer_frame] type=[id] line=[355]
corrected [1] resource id
added [3] comments
saving [./android.policy.jar.out/smali/com/android/internal/policy/impl/keyguard/KeyguardAbsKeyInputView.smali]
framework resource id found in [./android.policy.jar.out/smali/com/android/internal/policy/impl/keyguard/KeyguardAccountView.smali]
correcting id for name=[kg_login_checking_password] type=[string] [0x104053c] -> [0x1040540] line=[489]
adding comment for [0x10202a4] -> name=[login] type=[id] line=[736]
adding comment for [0x10202a5] -> name=[password] type=[id] line=[769]
adding comment for [0x10202a6] -> name=[ok] type=[id] line=[785]
correcting id for name=[kg_login_too_many_attempts] type=[string] [0x1040535] -> [0x1040539] line=[911]
correcting id for name=[kg_login_instructions] type=[string] [0x1040536] -> [0x104053a] line=[928]
corrected [3] resource id's
added [6] comments
saving [./android.policy.jar.out/smali/com/android/internal/policy/impl/keyguard/KeyguardAccountView.smali]
framework resource id found in [./android.policy.jar.out/smali/com/android/internal/policy/impl/keyguard/KeyguardFaceUnlockView.smali]
adding comment for [0x10202ad] -> name=[face_unlock_area_view] type=[id] line=[159]
adding comment for [0x10202af] -> name=[face_unlock_cancel_button] type=[id] line=[182]
adding comment for [0x10202b0] -> name=[keyguard_selector_fade_container] type=[id] line=[438]
adding comment for [0x10202ac] -> name=[keyguard_bouncer_frame] type=[id] line=[447]
added [4] comments
saving [./android.policy.jar.out/smali/com/android/internal/policy/impl/keyguard/KeyguardFaceUnlockView.smali]
framework resource id found in [./android.policy.jar.out/smali/com/android/internal/policy/impl/keyguard/KeyguardMultiUserAvatar.smali]
adding comment for [0x1060069] -> name=[keyguard_avatar_nick_color] type=[color] line=[147]
adding comment for [0x1050072] -> name=[keyguard_avatar_size] type=[dimen] line=[156]
adding comment for [0x1050070] -> name=[keyguard_avatar_frame_stroke_width] type=[dimen] line=[165]
adding comment for [0x1050071] -> name=[keyguard_avatar_frame_shadow_radius] type=[dimen] line=[174]
adding comment for [0x1060067] -> name=[keyguard_avatar_frame_color] type=[color] line=[183]
adding comment for [0x1060068] -> name=[keyguard_avatar_frame_shadow_color] type=[color] line=[192]
adding comment for [0x106006a] -> name=[keyguard_avatar_frame_pressed_color] type=[color] line=[201]
adding comment for [0x10202b9] -> name=[keyguard_user_avatar] type=[id] line=[331]
adding comment for [0x10202ba] -> name=[keyguard_user_name] type=[id] line=[342]
correcting id for name=[ic_contact_picture] type=[drawable] [0x10802be] -> [0x10802c2] line=[382]
correcting id for name=[user_switched] type=[string] [0x1040549] -> [0x104054d] line=[570]
corrected [2] resource id's
added [11] comments
saving [./android.policy.jar.out/smali/com/android/internal/policy/impl/keyguard/KeyguardMultiUserAvatar.smali]
framework resource id found in [./android.policy.jar.out/smali/com/android/internal/policy/impl/keyguard/KeyguardVoiceUnlockView.smali]
correcting id for name=[zz_voice_unlock_area_view] type=[id] [0x10203bc] -> [0x10203c3] line=[174]
adding comment for [0x10202b0] -> name=[keyguard_selector_fade_container] type=[id] line=[516]
adding comment for [0x10202ac] -> name=[keyguard_bouncer_frame] type=[id] line=[525]
corrected [1] resource id
added [3] comments
saving [./android.policy.jar.out/smali/com/android/internal/policy/impl/keyguard/KeyguardVoiceUnlockView.smali]
framework resource id found in [./android.policy.jar.out/smali/com/android/internal/policy/impl/keyguard/CarrierText.smali]
correcting id for name=[lockscreen_instructions_when_pattern_disabled] type=[string] [0x10402e9] -> [0x10402ed] line=[212]
correcting id for name=[lockscreen_missing_sim_instructions_long] type=[string] [0x10402f8] -> [0x10402fc] line=[219]
correcting id for name=[lockscreen_permanent_disabled_sim_instructions] type=[string] [0x10402fa] -> [0x10402fe] line=[226]
correcting id for name=[lockscreen_missing_sim_instructions] type=[string] [0x10402f7] -> [0x10402fb] line=[233]
correcting id for name=[lockscreen_missing_sim_message_short] type=[string] [0x10402f5] -> [0x10402f9] line=[257]
correcting id for name=[lockscreen_network_locked_message] type=[string] [0x1040301] -> [0x1040305] line=[304]
correcting id for name=[lockscreen_permanent_disabled_sim_message_short] type=[string] [0x10402f9] -> [0x10402fd] line=[340]
correcting id for name=[lockscreen_sim_locked_message] type=[string] [0x1040304] -> [0x1040308] line=[372]
correcting id for name=[lockscreen_sim_puk_locked_message] type=[string] [0x1040302] -> [0x1040306] line=[391]
correcting id for name=[kg_text_message_separator] type=[string] [0x1040543] -> [0x1040547] line=[637]
corrected [10] resource id's
added [10] comments
saving [./android.policy.jar.out/smali/com/android/internal/policy/impl/keyguard/CarrierText.smali]
framework resource id found in [./android.policy.jar.out/smali/com/android/internal/policy/impl/keyguard/KeyguardViewManager.smali]
adding comment for [0x10202b2] -> name=[keyguard_host_view] type=[id] line=[207]
adding comment for [0x1090057] -> name=[keyguard_host_view] type=[layout] line=[211]
adding comment for [0x10202be] -> name=[keyguard_password_view] type=[id] line=[309]
adding comment for [0x10301e2] -> name=[Animation.LockScreen] type=[style] line=[477]
added [4] comments
saving [./android.policy.jar.out/smali/com/android/internal/policy/impl/keyguard/KeyguardViewManager.smali]
framework resource id found in [./android.policy.jar.out/smali/com/android/internal/policy/impl/keyguard/KeyguardSimPukView$StateMachine.smali]
correcting id for name=[kg_puk_enter_pin_hint] type=[string] [0x104052d] -> [0x1040531] line=[114]
correcting id for name=[kg_invalid_sim_puk_hint] type=[string] [0x1040532] -> [0x1040536] line=[143]
correcting id for name=[kg_enter_confirm_pin_hint] type=[string] [0x104052e] -> [0x1040532] line=[167]
correcting id for name=[kg_invalid_sim_pin_hint] type=[string] [0x1040531] -> [0x1040535] line=[173]
correcting id for name=[lockscreen_sim_unlock_progress_dialog_message] type=[string] [0x1040305] -> [0x1040309] line=[198]
correcting id for name=[kg_invalid_confirm_pin_hint] type=[string] [0x1040534] -> [0x1040538] line=[213]
correcting id for name=[kg_puk_enter_puk_hint] type=[string] [0x104052c] -> [0x1040530] line=[248]
corrected [7] resource id's
added [7] comments
saving [./android.policy.jar.out/smali/com/android/internal/policy/impl/keyguard/KeyguardSimPukView$StateMachine.smali]
framework resource id found in [./android.policy.jar.out/smali/com/android/internal/policy/impl/keyguard/ObscureSpeechDelegate.smali]
correcting id for name=[keyboard_password_character_no_headset] type=[string] [0x10404e1] -> [0x10404e5] line=[136]
correcting id for name=[keyboard_password_character_no_headset] type=[string] [0x10404e1] -> [0x10404e5] line=[186]
correcting id for name=[keyboard_headset_required_to_hear_password] type=[string] [0x10404e0] -> [0x10404e4] line=[233]
corrected [3] resource id's
added [3] comments
saving [./android.policy.jar.out/smali/com/android/internal/policy/impl/keyguard/ObscureSpeechDelegate.smali]
framework resource id found in [./android.policy.jar.out/smali/com/android/internal/policy/impl/keyguard/KeyguardHostView.smali]
correcting id for name=[keyguard_status_view] type=[layout] [0x1090075] -> [0x1090079] line=[678]
correcting id for name=[keyguard_transport_control_view] type=[layout] [0x1090077] -> [0x109007b] line=[716]
adding comment for [0x1090051] -> name=[keyguard_add_widget] type=[layout] line=[734]
adding comment for [0x10202a8] -> name=[keyguard_add_widget_view] type=[id] line=[747]
correcting id for name=[keyguard_transport_control] type=[id] [0x102030c] -> [0x102030e] line=[826]
adding comment for [0x104001b] -> name=[widget_default_package_name] type=[string] line=[1092]
adding comment for [0x104001c] -> name=[widget_default_class_name] type=[string] line=[1098]
adding comment for [0x10202bb] -> name=[keyguard_user_selector] type=[id] line=[1292]
adding comment for [0x10202a7] -> name=[keyguard_add_widget] type=[id] line=[1643]
correcting id for name=[keyguard_selector_view] type=[layout] [0x109006f] -> [0x1090072] line=[1702]
correcting id for name=[keyguard_pattern_view] type=[layout] [0x109005f] -> [0x1090062] line=[1708]
correcting id for name=[keyguard_pin_view] type=[layout] [0x1090060] -> [0x1090063] line=[1714]
correcting id for name=[keyguard_password_view] type=[layout] [0x109005e] -> [0x1090061] line=[1720]
adding comment for [0x1090054] -> name=[keyguard_face_unlock_view] type=[layout] line=[1726]
adding comment for [0x1090050] -> name=[keyguard_account_view] type=[layout] line=[1732]
correcting id for name=[zz_keyguard_voice_unlock_view] type=[layout] [0x10900ee] -> [0x10900f2] line=[1744]
adding comment for [0x10202b0] -> name=[keyguard_selector_fade_container] type=[id] line=[1929]
correcting id for name=[keyguard_selector_view] type=[id] [0x10202fc] -> [0x10202fe] line=[2050]
adding comment for [0x10202c1] -> name=[keyguard_pattern_view] type=[id] line=[2056]
adding comment for [0x10202c3] -> name=[keyguard_pin_view] type=[id] line=[2062]
adding comment for [0x10202be] -> name=[keyguard_password_view] type=[id] line=[2068]
adding comment for [0x10202ab] -> name=[keyguard_face_unlock_view] type=[id] line=[2074]
adding comment for [0x10202a3] -> name=[keyguard_account_view] type=[id] line=[2080]
correcting id for name=[zz_keyguard_voice_unlock_view] type=[id] [0x10203bb] -> [0x10203c2] line=[2092]
correcting id for name=[keyguard_transport_control] type=[id] [0x102030c] -> [0x102030e] line=[2190]
correcting id for name=[keyguard_transport_control] type=[id] [0x102030c] -> [0x102030e] line=[2456]
adding comment for [0x10202a7] -> name=[keyguard_add_widget] type=[id] line=[2744]
adding comment for [0x10202a8] -> name=[keyguard_add_widget_view] type=[id] line=[2755]
correcting id for name=[kg_failed_attempts_almost_at_login] type=[string] [0x1040542] -> [0x1040546] line=[2841]
correcting id for name=[kg_failed_attempts_almost_at_wipe] type=[string] [0x1040540] -> [0x1040544] line=[2904]
adding comment for [0x104000a] -> name=[ok] type=[string] line=[3074]
adding comment for [0x10a002b] -> name=[keyguard_security_fade_in] type=[anim] line=[3708]
adding comment for [0x10a002c] -> name=[keyguard_security_fade_out] type=[anim] line=[3721]
correcting id for name=[kg_too_many_failed_pattern_attempts_dialog_message] type=[string] [0x104053f] -> [0x1040543] line=[4008]
correcting id for name=[kg_too_many_failed_pin_attempts_dialog_message] type=[string] [0x104053d] -> [0x1040541] line=[4015]
correcting id for name=[kg_too_many_failed_password_attempts_dialog_message] type=[string] [0x104053e] -> [0x1040542] line=[4022]
correcting id for name=[kg_failed_attempts_now_wiping] type=[string] [0x1040541] -> [0x1040545] line=[4043]
adding comment for [0x10202bd] -> name=[keyguard_multi_user_selector] type=[id] line=[4565]
correcting id for name=[keyguard_transport_control] type=[id] [0x102030c] -> [0x102030e] line=[4700]
adding comment for [0x10202b5] -> name=[app_widget_container] type=[id] line=[4780]
adding comment for [0x10202b4] -> name=[keyguard_widget_pager_delete_target] type=[id] line=[4784]
adding comment for [0x10202b3] -> name=[multi_pane_challenge] type=[id] line=[4788]
adding comment for [0x10202b7] -> name=[view_flipper] type=[id] line=[4792]
adding comment for [0x10202b8] -> name=[sliding_layout] type=[id] line=[4855]
correcting id for name=[keyguard_selector_view] type=[id] [0x10202fc] -> [0x10202fe] line=[4946]
adding comment for [0x10202b8] -> name=[sliding_layout] type=[id] line=[5485]
adding comment for [0x10a0027] -> name=[keyguard_action_assist_enter] type=[anim] line=[5648]
adding comment for [0x10a0028] -> name=[keyguard_action_assist_exit] type=[anim] line=[5650]
corrected [20] resource id's
added [48] comments
saving [./android.policy.jar.out/smali/com/android/internal/policy/impl/keyguard/KeyguardHostView.smali]
framework resource id found in [./android.policy.jar.out/smali/com/android/internal/policy/impl/keyguard/KeyguardPatternView.smali]
correcting id for name=[faceunlock_multiple_failures] type=[string] [0x10402f0] -> [0x10402f4] line=[334]
correcting id for name=[kg_pattern_instructions] type=[string] [0x1040528] -> [0x104052c] line=[366]
adding comment for [0x10202c2] -> name=[lockPatternView] type=[id] line=[603]
adding comment for [0x10202aa] -> name=[forgot_password_button] type=[id] line=[662]
correcting id for name=[kg_forgot_pattern_button_text] type=[string] [0x1040523] -> [0x1040527] line=[680]
adding comment for [0x10202b0] -> name=[keyguard_selector_fade_container] type=[id] line=[710]
adding comment for [0x10202ac] -> name=[keyguard_bouncer_frame] type=[id] line=[719]
corrected [3] resource id's
added [7] comments
saving [./android.policy.jar.out/smali/com/android/internal/policy/impl/keyguard/KeyguardPatternView.smali]
framework resource id found in [./android.policy.jar.out/smali/com/android/internal/policy/impl/keyguard/KeyguardSimPinView$4$1.smali]
correcting id for name=[kg_password_wrong_pin_code] type=[string] [0x1040530] -> [0x1040534] line=[139]
corrected [1] resource id
added [1] comment
saving [./android.policy.jar.out/smali/com/android/internal/policy/impl/keyguard/KeyguardSimPinView$4$1.smali]
framework resource id found in [./android.policy.jar.out/smali/com/android/internal/policy/impl/keyguard/EmergencyButton.smali]
correcting id for name=[lockscreen_carrier_default] type=[string] [0x10402e6] -> [0x10402ea] line=[209]
corrected [1] resource id
added [1] comment
saving [./android.policy.jar.out/smali/com/android/internal/policy/impl/keyguard/EmergencyButton.smali]
framework resource id found in [./android.policy.jar.out/smali/com/android/internal/policy/impl/keyguard/KeyguardSimPinPukView$Toast$TN.smali]
adding comment for [0x1030004] -> name=[Animation.Toast] type=[style] line=[85]
added [1] comment
saving [./android.policy.jar.out/smali/com/android/internal/policy/impl/keyguard/KeyguardSimPinPukView$Toast$TN.smali]
framework resource id found in [./android.policy.jar.out/smali/com/android/internal/policy/impl/keyguard/KeyguardSimPukView.smali]
correcting id for name=[kg_sim_unlock_progress_dialog_message] type=[string] [0x104052f] -> [0x1040533] line=[287]
adding comment for [0x10202c4] -> name=[pinEntry] type=[id] line=[402]
adding comment for [0x10202d0] -> name=[key_enter] type=[id] line=[417]
adding comment for [0x10202c5] -> name=[delete_button] type=[id] line=[436]
corrected [1] resource id
added [4] comments
saving [./android.policy.jar.out/smali/com/android/internal/policy/impl/keyguard/KeyguardSimPukView.smali]
framework resource id found in [./android.policy.jar.out/smali/com/android/internal/policy/impl/keyguard/KeyguardSimPinPukView$Toast.smali]
adding comment for [0x105000b] -> name=[toast_y_offset] type=[dimen] line=[82]
correcting id for name=[transient_notification] type=[layout] [0x10900de] -> [0x10900e2] line=[153]
adding comment for [0x102000b] -> name=[message] type=[id] line=[163]
corrected [1] resource id
added [3] comments
saving [./android.policy.jar.out/smali/com/android/internal/policy/impl/keyguard/KeyguardSimPinPukView$Toast.smali]
framework resource id found in [./android.policy.jar.out/smali/com/android/internal/policy/impl/keyguard/KeyguardPatternView$UnlockPatternListener.smali]
correcting id for name=[kg_wrong_pattern] type=[string] [0x1040524] -> [0x1040528] line=[305]
corrected [1] resource id
added [1] comment
saving [./android.policy.jar.out/smali/com/android/internal/policy/impl/keyguard/KeyguardPatternView$UnlockPatternListener.smali]
framework resource id found in [./android.policy.jar.out/smali/com/android/internal/policy/impl/keyguard/KeyguardAccountView$1.smali]
correcting id for name=[kg_login_invalid_input] type=[string] [0x104053a] -> [0x104053e] line=[168]
corrected [1] resource id
added [1] comment
saving [./android.policy.jar.out/smali/com/android/internal/policy/impl/keyguard/KeyguardAccountView$1.smali]
framework resource id found in [./android.policy.jar.out/smali/com/android/internal/policy/impl/keyguard/KeyguardSimPinPukView.smali]
correcting id for name=[kg_sim_unlock_progress_dialog_message] type=[string] [0x104052f] -> [0x1040533] line=[1713]
adding comment for [0x104000a] -> name=[ok] type=[string] line=[1931]
adding comment for [0x104000a] -> name=[ok] type=[string] line=[2072]
correcting id for name=[lockscreen_return_to_call] type=[string] [0x10402ec] -> [0x10402f0] line=[3189]
correcting id for name=[lockscreen_emergency_call] type=[string] [0x10402eb] -> [0x10402ef] line=[3219]
correcting id for name=[keyguard_password_enter_pin_code] type=[string] [0x10402dc] -> [0x10402e0] line=[3476]
correcting id for name=[kg_invalid_sim_pin_hint] type=[string] [0x1040531] -> [0x1040535] line=[3602]
corrected [5] resource id's
added [7] comments
saving [./android.policy.jar.out/smali/com/android/internal/policy/impl/keyguard/KeyguardSimPinPukView.smali]
framework resource id found in [./android.policy.jar.out/smali/com/android/internal/policy/impl/keyguard/CameraWidgetFrame.smali]
correcting id for name=[keyguard_accessibility_camera] type=[string] [0x1040325] -> [0x1040329] line=[541]
adding comment for [0x10301e2] -> name=[Animation.LockScreen] type=[style] line=[615]
correcting id for name=[ic_lockscreen_camera] type=[drawable] [0x10802e1] -> [0x10802e8] line=[710]
corrected [2] resource id's
added [3] comments
saving [./android.policy.jar.out/smali/com/android/internal/policy/impl/keyguard/CameraWidgetFrame.smali]
framework resource id found in [./android.policy.jar.out/smali/com/android/internal/policy/impl/keyguard/KeyguardWidgetCarousel.smali]
correcting id for name=[kg_carousel_angle] type=[integer] [0x10e0040] -> [0x10e003f] line=[110]
corrected [1] resource id
added [1] comment
saving [./android.policy.jar.out/smali/com/android/internal/policy/impl/keyguard/KeyguardWidgetCarousel.smali]
framework resource id found in [./android.policy.jar.out/smali/com/android/internal/policy/impl/keyguard/KeyguardUpdateMonitor.smali]
correcting id for name=[lockscreen_carrier_default] type=[string] [0x10402e6] -> [0x10402ea] line=[1263]
corrected [1] resource id
added [1] comment
saving [./android.policy.jar.out/smali/com/android/internal/policy/impl/keyguard/KeyguardUpdateMonitor.smali]
framework resource id found in [./android.policy.jar.out/smali/com/android/internal/policy/impl/keyguard/KeyguardWidgetFrame.smali]
adding comment for [0x1050076] -> name=[kg_small_widget_height] type=[dimen] line=[242]
correcting id for name=[kg_widget_bg_padded] type=[drawable] [0x10803c2] -> [0x10803dc] line=[251]
adding comment for [0x1060048] -> name=[kg_widget_pager_gradient] type=[color] line=[260]
corrected [1] resource id
added [3] comments
saving [./android.policy.jar.out/smali/com/android/internal/policy/impl/keyguard/KeyguardWidgetFrame.smali]
framework resource id found in [./android.policy.jar.out/smali/com/android/internal/policy/impl/keyguard/KeyguardAbsKeyInputView$3.smali]
correcting id for name=[kg_too_many_failed_attempts_countdown] type=[string] [0x1040527] -> [0x104052b] line=[84]
corrected [1] resource id
added [1] comment
saving [./android.policy.jar.out/smali/com/android/internal/policy/impl/keyguard/KeyguardAbsKeyInputView$3.smali]
framework resource id found in [./android.policy.jar.out/smali/com/android/internal/policy/impl/keyguard/KeyguardSimPinView.smali]
correcting id for name=[kg_sim_unlock_progress_dialog_message] type=[string] [0x104052f] -> [0x1040533] line=[105]
adding comment for [0x10202c4] -> name=[pinEntry] type=[id] line=[159]
adding comment for [0x10202d0] -> name=[key_enter] type=[id] line=[172]
adding comment for [0x10202c5] -> name=[delete_button] type=[id] line=[191]
correcting id for name=[kg_sim_pin_instructions] type=[string] [0x1040529] -> [0x104052d] line=[279]
correcting id for name=[kg_invalid_sim_pin_hint] type=[string] [0x1040531] -> [0x1040535] line=[330]
corrected [3] resource id's
added [6] comments
saving [./android.policy.jar.out/smali/com/android/internal/policy/impl/keyguard/KeyguardSimPinView.smali]
framework resource id found in [./android.policy.jar.out/smali/com/android/internal/policy/impl/keyguard/KeyguardTransportControlView.smali]
adding comment for [0x1080024] -> name=[ic_media_play] type=[drawable] line=[823]
correcting id for name=[lockscreen_transport_play_description] type=[string] [0x10402fe] -> [0x1040302] line=[827]
adding comment for [0x108008a] -> name=[stat_sys_warning] type=[drawable] line=[863]
correcting id for name=[lockscreen_transport_play_description] type=[string] [0x10402fe] -> [0x1040302] line=[867]
adding comment for [0x1080023] -> name=[ic_media_pause] type=[drawable] line=[877]
correcting id for name=[lockscreen_transport_pause_description] type=[string] [0x10402fd] -> [0x1040301] line=[881]
correcting id for name=[ic_media_stop] type=[drawable] [0x108031c] -> [0x1080336] line=[891]
correcting id for name=[lockscreen_transport_stop_description] type=[string] [0x10402ff] -> [0x1040303] line=[895]
adding comment for [0x1020016] -> name=[title] type=[id] line=[1183]
correcting id for name=[albumart] type=[id] [0x1020308] -> [0x102030a] line=[1199]
correcting id for name=[btn_prev] type=[id] [0x1020309] -> [0x102030b] line=[1210]
correcting id for name=[btn_play] type=[id] [0x102030a] -> [0x102030c] line=[1221]
correcting id for name=[btn_next] type=[id] [0x102030b] -> [0x102030d] line=[1232]
corrected [9] resource id's
added [13] comments
saving [./android.policy.jar.out/smali/com/android/internal/policy/impl/keyguard/KeyguardTransportControlView.smali]
framework resource id found in [./android.policy.jar.out/smali/com/android/internal/policy/impl/keyguard/SlidingChallengeLayout.smali]
adding comment for [0x1050074] -> name=[kg_edge_swipe_region_size] type=[dimen] line=[354]
adding comment for [0x1050069] -> name=[kg_widget_pager_bottom_padding] type=[dimen] line=[432]
correcting id for name=[keyguard_accessibility_unlock_area_expanded] type=[string] [0x1040320] -> [0x1040324] line=[1545]
correcting id for name=[keyguard_accessibility_unlock_area_collapsed] type=[string] [0x1040321] -> [0x1040325] line=[1589]
correcting id for name=[keyguard_selector_view] type=[id] [0x10202fc] -> [0x10202fe] line=[4072]
corrected [3] resource id's
added [5] comments
saving [./android.policy.jar.out/smali/com/android/internal/policy/impl/keyguard/SlidingChallengeLayout.smali]
framework resource id found in [./android.policy.jar.out/smali/com/android/internal/policy/impl/keyguard/KeyguardHostView$6.smali]
adding comment for [0x10202b8] -> name=[sliding_layout] type=[id] line=[47]
added [1] comment
saving [./android.policy.jar.out/smali/com/android/internal/policy/impl/keyguard/KeyguardHostView$6.smali]
framework resource id found in [./android.policy.jar.out/smali/com/android/internal/policy/impl/keyguard/KeyguardMessageArea$Helper.smali]
adding comment for [0x1020282] -> name=[keyguard_message_area] type=[id] line=[35]
added [1] comment
saving [./android.policy.jar.out/smali/com/android/internal/policy/impl/keyguard/KeyguardMessageArea$Helper.smali]
framework resource id found in [./android.policy.jar.out/smali/com/android/internal/policy/impl/keyguard/VoiceUnlock.smali]
correcting id for name=[zz_voiceLockWave] type=[id] [0x10203be] -> [0x10203c5] line=[956]
correcting id for name=[zz_voiceLockCancel] type=[id] [0x10203bf] -> [0x10203c6] line=[988]
corrected [2] resource id's
added [2] comments
saving [./android.policy.jar.out/smali/com/android/internal/policy/impl/keyguard/VoiceUnlock.smali]
framework resource id found in [./android.policy.jar.out/smali/com/android/internal/policy/impl/keyguard/KeyguardSelectorView.smali]
correcting id for name=[ic_lockscreen_camera] type=[drawable] [0x10802e1] -> [0x10802e8] line=[392]
correcting id for name=[ic_action_assist_generic] type=[drawable] [0x1080294] -> [0x1080298] line=[400]
adding comment for [0x10202b1] -> name=[glow_pad_view] type=[id] line=[768]
correcting id for name=[keyguard_selector_view_frame] type=[id] [0x10202fd] -> [0x10202ff] line=[795]
correcting id for name=[keyguard_unlock_panel] type=[id] [0x10202fe] -> [0x1020300] line=[858]
correcting id for name=[ic_action_assist_generic] type=[drawable] [0x1080294] -> [0x1080298] line=[1344]
correcting id for name=[ic_lockscreen_camera] type=[drawable] [0x10802e1] -> [0x10802e8] line=[1433]
corrected [6] resource id's
added [7] comments
saving [./android.policy.jar.out/smali/com/android/internal/policy/impl/keyguard/KeyguardSelectorView.smali]
framework resource id found in [./android.policy.jar.out/smali/com/android/internal/policy/impl/keyguard/KeyguardSimPinPukView$8$1.smali]
correcting id for name=[lockscreen_pattern_wrong] type=[string] [0x10402ee] -> [0x10402f2] line=[387]
corrected [1] resource id
added [1] comment
saving [./android.policy.jar.out/smali/com/android/internal/policy/impl/keyguard/KeyguardSimPinPukView$8$1.smali]
framework resource id found in [./android.policy.jar.out/smali/com/android/internal/policy/impl/keyguard/KeyguardPatternView$3.smali]
correcting id for name=[kg_too_many_failed_attempts_countdown] type=[string] [0x1040527] -> [0x104052b] line=[127]
corrected [1] resource id
added [1] comment
saving [./android.policy.jar.out/smali/com/android/internal/policy/impl/keyguard/KeyguardPatternView$3.smali]
framework resource id found in [./android.policy.jar.out/smali/com/android/internal/policy/impl/keyguard/KeyguardStatusView.smali]
adding comment for [0x108002e] -> name=[ic_lock_idle_alarm] type=[drawable] line=[8]
correcting id for name=[owner_info] type=[id] [0x10202f7] -> [0x10202f8] line=[103]
correcting id for name=[abbrev_wday_month_day_no_year] type=[string] [0x1040063] -> [0x1040067] line=[214]
adding comment for [0x1020063] -> name=[date] type=[id] line=[223]
adding comment for [0x10202e5] -> name=[alarm_status] type=[id] line=[234]
correcting id for name=[clock_view] type=[id] [0x1020304] -> [0x1020306] line=[245]
adding comment for [0x108002e] -> name=[ic_lock_idle_alarm] type=[drawable] line=[415]
corrected [3] resource id's
added [7] comments
saving [./android.policy.jar.out/smali/com/android/internal/policy/impl/keyguard/KeyguardStatusView.smali]
framework resource id found in [./android.policy.jar.out/smali/com/android/internal/policy/impl/keyguard/KeyguardPINView.smali]
adding comment for [0x10202c4] -> name=[pinEntry] type=[id] line=[47]
correcting id for name=[kg_wrong_pin] type=[string] [0x1040526] -> [0x104052a] line=[57]
adding comment for [0x10202d0] -> name=[key_enter] type=[id] line=[70]
adding comment for [0x10202c5] -> name=[delete_button] type=[id] line=[100]
correcting id for name=[faceunlock_multiple_failures] type=[string] [0x10402f0] -> [0x10402f4] line=[243]
correcting id for name=[kg_pin_instructions] type=[string] [0x104052a] -> [0x104052e] line=[280]
corrected [3] resource id's
added [6] comments
saving [./android.policy.jar.out/smali/com/android/internal/policy/impl/keyguard/KeyguardPINView.smali]
framework resource id found in [./android.policy.jar.out/smali/com/android/internal/policy/impl/keyguard/PagedView.smali]
adding comment for [0x1050074] -> name=[kg_edge_swipe_region_size] type=[dimen] line=[547]
correcting id for name=[keyguard_accessibility_widget_reorder_end] type=[string] [0x1040328] -> [0x104032c] line=[4478]
correcting id for name=[keyguard_accessibility_widget_reorder_start] type=[string] [0x1040327] -> [0x104032b] line=[6001]
corrected [2] resource id's
added [3] comments
saving [./android.policy.jar.out/smali/com/android/internal/policy/impl/keyguard/PagedView.smali]
framework resource id found in [./android.policy.jar.out/smali/com/android/internal/policy/impl/SimUnlockScreen$TouchInput.smali]
correcting id for name=[zero] type=[id] [0x10203a6] -> [0x10203ad] line=[59]
correcting id for name=[one] type=[id] [0x102039d] -> [0x10203a4] line=[70]
correcting id for name=[two] type=[id] [0x102039e] -> [0x10203a5] line=[81]
correcting id for name=[three] type=[id] [0x102039f] -> [0x10203a6] line=[92]
correcting id for name=[four] type=[id] [0x10203a0] -> [0x10203a7] line=[103]
correcting id for name=[five] type=[id] [0x10203a1] -> [0x10203a8] line=[114]
correcting id for name=[six] type=[id] [0x10203a2] -> [0x10203a9] line=[125]
correcting id for name=[seven] type=[id] [0x10203a3] -> [0x10203aa] line=[136]
correcting id for name=[eight] type=[id] [0x10203a4] -> [0x10203ab] line=[147]
correcting id for name=[nine] type=[id] [0x10203a5] -> [0x10203ac] line=[158]
adding comment for [0x1020276] -> name=[cancel] type=[id] line=[169]
corrected [10] resource id's
added [11] comments
saving [./android.policy.jar.out/smali/com/android/internal/policy/impl/SimUnlockScreen$TouchInput.smali]
framework resource id found in [./android.policy.jar.out/smali/com/android/internal/policy/impl/GlobalActions$SilentModeTriStateAction.smali]
adding comment for [0x1020285] -> name=[option1] type=[id] line=[67]
adding comment for [0x1020286] -> name=[option2] type=[id] line=[68]
adding comment for [0x1020287] -> name=[option3] type=[id] line=[69]
adding comment for [0x1090044] -> name=[global_actions_silent_mode] type=[layout] line=[104]
added [4] comments
saving [./android.policy.jar.out/smali/com/android/internal/policy/impl/GlobalActions$SilentModeTriStateAction.smali]
framework resource id found in [./android.policy.jar.out/smali/com/android/internal/policy/impl/SimUnlockScreen.smali]
correcting id for name=[keyguard_screen_sim_pin_landscape] type=[layout] [0x1090065] -> [0x1090068] line=[149]
correcting id for name=[headerText] type=[id] [0x10202ec] -> [0x10202ed] line=[155]
correcting id for name=[pinDisplay] type=[id] [0x10202ee] -> [0x10202ef] line=[166]
correcting id for name=[backspace] type=[id] [0x10202ef] -> [0x10202f0] line=[177]
adding comment for [0x10202a6] -> name=[ok] type=[id] line=[191]
correcting id for name=[keyguard_password_enter_pin_code] type=[string] [0x10402dc] -> [0x10402e0] line=[204]
correcting id for name=[keyguard_screen_sim_pin_portrait] type=[layout] [0x1090066] -> [0x1090069] line=[241]
correcting id for name=[invalidPin] type=[string] [0x1040081] -> [0x1040085] line=[361]
correcting id for name=[lockscreen_sim_unlock_progress_dialog_message] type=[string] [0x1040305] -> [0x1040309] line=[437]
correcting id for name=[keyguard_password_enter_pin_code] type=[string] [0x10402dc] -> [0x10402e0] line=[769]
corrected [9] resource id's
added [10] comments
saving [./android.policy.jar.out/smali/com/android/internal/policy/impl/SimUnlockScreen.smali]
framework resource id found in [./android.policy.jar.out/smali/com/android/internal/policy/impl/GlobalActions$5.smali]
correcting id for name=[bugreport_title] type=[string] [0x10400e8] -> [0x10400ec] line=[68]
correcting id for name=[bugreport_message] type=[string] [0x10400e9] -> [0x10400ed] line=[73]
correcting id for name=[report] type=[string] [0x10403dc] -> [0x10403e0] line=[85]
corrected [3] resource id's
added [3] comments
saving [./android.policy.jar.out/smali/com/android/internal/policy/impl/GlobalActions$5.smali]
framework resource id found in [./android.policy.jar.out/smali/com/android/internal/policy/impl/KeyguardUpdateMonitor.smali]
correcting id for name=[lockscreen_carrier_default] type=[string] [0x10402e6] -> [0x10402ea] line=[584]
corrected [1] resource id
added [1] comment
saving [./android.policy.jar.out/smali/com/android/internal/policy/impl/KeyguardUpdateMonitor.smali]
framework resource id found in [./android.policy.jar.out/smali/com/android/internal/policy/impl/LockScreen.smali]
correcting id for name=[keyguard_screen_tab_unlock] type=[layout] [0x109006b] -> [0x109006e] line=[140]
correcting id for name=[unlock_widget] type=[id] [0x10202f8] -> [0x10202fa] line=[208]
correcting id for name=[keyguard_screen_tab_unlock_land] type=[layout] [0x109006c] -> [0x109006f] line=[231]
correcting id for name=[lockscreen_unlock_label] type=[string] [0x1040317] -> [0x104031b] line=[461]
correcting id for name=[ic_jog_dial_unlock] type=[drawable] [0x10802d6] -> [0x10802da] line=[466]
correcting id for name=[jog_tab_target_green] type=[drawable] [0x10803b0] -> [0x10803ca] line=[468]
correcting id for name=[jog_tab_bar_left_unlock] type=[drawable] [0x1080391] -> [0x10803ab] line=[470]
correcting id for name=[jog_tab_left_unlock] type=[drawable] [0x10803a4] -> [0x10803be] line=[472]
correcting id for name=[ic_lockscreen_camera] type=[drawable] [0x10802e1] -> [0x10802e8] line=[773]
correcting id for name=[ic_action_assist_generic] type=[drawable] [0x1080294] -> [0x1080298] line=[792]
corrected [10] resource id's
added [10] comments
saving [./android.policy.jar.out/smali/com/android/internal/policy/impl/LockScreen.smali]
framework resource id found in [./android.policy.jar.out/smali/com/android/internal/policy/impl/GlobalActions$SinglePressAction.smali]
adding comment for [0x1090043] -> name=[global_actions_item] type=[layout] line=[127]
adding comment for [0x1020006] -> name=[icon] type=[id] line=[137]
adding comment for [0x102000b] -> name=[message] type=[id] line=[147]
adding comment for [0x1020284] -> name=[status] type=[id] line=[157]
added [4] comments
saving [./android.policy.jar.out/smali/com/android/internal/policy/impl/GlobalActions$SinglePressAction.smali]
framework resource id found in [./android.policy.jar.out/smali/com/android/internal/policy/impl/PatternUnlockScreen$3.smali]
correcting id for name=[lockscreen_pattern_instructions] type=[string] [0x10402ea] -> [0x10402ee] line=[70]
correcting id for name=[lockscreen_too_many_failed_attempts_countdown] type=[string] [0x104030c] -> [0x1040310] line=[159]
corrected [2] resource id's
added [2] comments
saving [./android.policy.jar.out/smali/com/android/internal/policy/impl/PatternUnlockScreen$3.smali]
framework resource id found in [./android.policy.jar.out/smali/com/android/internal/policy/impl/LockPatternKeyguardView$2.smali]
adding comment for [0x10202eb] -> name=[transport_bg_protect] type=[id] line=[118]
added [1] comment
saving [./android.policy.jar.out/smali/com/android/internal/policy/impl/LockPatternKeyguardView$2.smali]
framework resource id found in [./android.policy.jar.out/smali/com/android/internal/policy/impl/KeyguardStatusViewManager.smali]
adding comment for [0x108002e] -> name=[ic_lock_idle_alarm] type=[drawable] line=[21]
correcting id for name=[abbrev_wday_month_day_no_year] type=[string] [0x1040063] -> [0x1040067] line=[159]
adding comment for [0x10202e7] -> name=[carrier] type=[id] line=[177]
adding comment for [0x1020063] -> name=[date] type=[id] line=[188]
adding comment for [0x10202e6] -> name=[status1] type=[id] line=[199]
adding comment for [0x10202e5] -> name=[alarm_status] type=[id] line=[210]
correcting id for name=[owner_info] type=[id] [0x10202f7] -> [0x10202f8] line=[221]
adding comment for [0x10202e9] -> name=[transport] type=[id] line=[232]
adding comment for [0x10202d1] -> name=[emergencyCallButton] type=[id] line=[243]
adding comment for [0x1020064] -> name=[time] type=[id] line=[257]
correcting id for name=[lockscreen_emergency_call] type=[string] [0x10402eb] -> [0x10402ef] line=[288]
correcting id for name=[lockscreen_charged] type=[string] [0x10402f2] -> [0x10402f6] line=[561]
correcting id for name=[lockscreen_plugged_in] type=[string] [0x10402f1] -> [0x10402f5] line=[590]
correcting id for name=[lockscreen_low_battery] type=[string] [0x10402f4] -> [0x10402f8] line=[605]
correcting id for name=[lockscreen_charged] type=[string] [0x10402f2] -> [0x10402f6] line=[688]
correcting id for name=[lockscreen_plugged_in] type=[string] [0x10402f1] -> [0x10402f5] line=[714]
correcting id for name=[lockscreen_low_battery] type=[string] [0x10402f4] -> [0x10402f8] line=[729]
adding comment for [0x108002e] -> name=[ic_lock_idle_alarm] type=[drawable] line=[1040]
correcting id for name=[lockscreen_missing_sim_message_short] type=[string] [0x10402f5] -> [0x10402f9] line=[1078]
correcting id for name=[lockscreen_network_locked_message] type=[string] [0x1040301] -> [0x1040305] line=[1153]
correcting id for name=[lockscreen_instructions_when_pattern_disabled] type=[string] [0x10402e9] -> [0x10402ed] line=[1166]
correcting id for name=[lockscreen_missing_sim_instructions_long] type=[string] [0x10402f8] -> [0x10402fc] line=[1188]
correcting id for name=[lockscreen_permanent_disabled_sim_message_short] type=[string] [0x10402f9] -> [0x10402fd] line=[1199]
correcting id for name=[lockscreen_permanent_disabled_sim_instructions] type=[string] [0x10402fa] -> [0x10402fe] line=[1206]
correcting id for name=[lockscreen_missing_sim_instructions] type=[string] [0x10402f7] -> [0x10402fb] line=[1230]
correcting id for name=[lockscreen_sim_locked_message] type=[string] [0x1040304] -> [0x1040308] line=[1243]
correcting id for name=[lockscreen_sim_puk_locked_message] type=[string] [0x1040302] -> [0x1040306] line=[1266]
correcting id for name=[faceunlock_multiple_failures] type=[string] [0x10402f0] -> [0x10402f4] line=[1762]
corrected [19] resource id's
added [28] comments
saving [./android.policy.jar.out/smali/com/android/internal/policy/impl/KeyguardStatusViewManager.smali]
framework resource id found in [./android.policy.jar.out/smali/com/android/internal/policy/impl/AccountUnlockScreen$1.smali]
correcting id for name=[lockscreen_glogin_invalid_input] type=[string] [0x1040314] -> [0x1040318] line=[153]
corrected [1] resource id
added [1] comment
saving [./android.policy.jar.out/smali/com/android/internal/policy/impl/AccountUnlockScreen$1.smali]
framework resource id found in [./android.policy.jar.out/smali/com/android/internal/policy/impl/EnableAccessibilityController$1.smali]
correcting id for name=[continue_to_enable_accessibility] type=[string] [0x1040546] -> [0x104054a] line=[65]
correcting id for name=[enable_accessibility_canceled] type=[string] [0x1040548] -> [0x104054c] line=[94]
correcting id for name=[accessibility_enabled] type=[string] [0x1040547] -> [0x104054b] line=[146]
corrected [3] resource id's
added [3] comments
saving [./android.policy.jar.out/smali/com/android/internal/policy/impl/EnableAccessibilityController$1.smali]
framework resource id found in [./android.policy.jar.out/smali/com/android/internal/policy/impl/PhoneWindow$PanelFeatureState.smali]
adding comment for [0x102024a] -> name=[icon_menu_presenter] type=[id] line=[205]
correcting id for name=[list_menu_item_layout] type=[layout] [0x109007f] -> [0x1090083] line=[266]
adding comment for [0x102024b] -> name=[list_menu_presenter] type=[id] line=[282]
adding comment for [0x10302f8] -> name=[Theme.ExpandedMenu] type=[style] line=[643]
corrected [1] resource id
added [4] comments
saving [./android.policy.jar.out/smali/com/android/internal/policy/impl/PhoneWindow$PanelFeatureState.smali]
framework resource id found in [./android.policy.jar.out/smali/com/android/internal/policy/impl/SimUnlockScreen$1$1.smali]
correcting id for name=[keyguard_password_wrong_pin_code] type=[string] [0x10402e3] -> [0x10402e7] line=[131]
corrected [1] resource id
added [1] comment
saving [./android.policy.jar.out/smali/com/android/internal/policy/impl/SimUnlockScreen$1$1.smali]
framework resource id found in [./android.policy.jar.out/smali/com/android/internal/policy/impl/PasswordUnlockScreen$5.smali]
correcting id for name=[lockscreen_too_many_failed_attempts_countdown] type=[string] [0x104030c] -> [0x1040310] line=[100]
corrected [1] resource id
added [1] comment
saving [./android.policy.jar.out/smali/com/android/internal/policy/impl/PasswordUnlockScreen$5.smali]
framework resource id found in [./android.policy.jar.out/smali/com/android/internal/policy/impl/LockPatternKeyguardView.smali]
adding comment for [0x10202e9] -> name=[transport] type=[id] line=[976]
correcting id for name=[lockscreen_failed_attempts_almost_glogin] type=[string] [0x1040309] -> [0x104030d] line=[1404]
correcting id for name=[lockscreen_failed_attempts_almost_at_wipe] type=[string] [0x104030a] -> [0x104030e] line=[1465]
adding comment for [0x104000a] -> name=[ok] type=[string] line=[1525]
correcting id for name=[lockscreen_too_many_failed_attempts_dialog_message] type=[string] [0x1040306] -> [0x104030a] line=[1563]
correcting id for name=[lockscreen_too_many_failed_pin_attempts_dialog_message] type=[string] [0x1040308] -> [0x104030c] line=[1587]
correcting id for name=[lockscreen_too_many_failed_password_attempts_dialog_message] type=[string] [0x1040307] -> [0x104030b] line=[1633]
correcting id for name=[lockscreen_failed_attempts_now_wiping] type=[string] [0x104030b] -> [0x104030f] line=[1646]
corrected [6] resource id's
added [8] comments
saving [./android.policy.jar.out/smali/com/android/internal/policy/impl/LockPatternKeyguardView.smali]
framework resource id found in [./android.policy.jar.out/smali/com/android/internal/policy/impl/PhoneWindowManager.smali]
correcting id for name=[config_longPressOnHomeBehavior] type=[integer] [0x10e0024] -> [0x10e0023] line=[1631]
adding comment for [0x10a0030] -> name=[lock_screen_wallpaper_behind_enter] type=[anim] line=[5106]
adding comment for [0x10a002d] -> name=[lock_screen_behind_enter] type=[anim] line=[5116]
adding comment for [0x10e000f] -> name=[config_lidOpenRotation] type=[integer] line=[8441]
adding comment for [0x10e0011] -> name=[config_carDockRotation] type=[integer] line=[8449]
adding comment for [0x10e0010] -> name=[config_deskDockRotation] type=[integer] line=[8457]
adding comment for [0x10e0015] -> name=[config_lidKeyboardAccessibility] type=[integer] line=[8499]
adding comment for [0x10e0016] -> name=[config_lidNavigationAccessibility] type=[integer] line=[8513]
adding comment for [0x1070023] -> name=[config_longPressVibePattern] type=[array] line=[8654]
adding comment for [0x1070024] -> name=[config_virtualKeyVibePattern] type=[array] line=[8668]
adding comment for [0x1070025] -> name=[config_keyboardTapVibePattern] type=[array] line=[8682]
adding comment for [0x1070026] -> name=[config_safeModeDisabledVibePattern] type=[array] line=[8696]
adding comment for [0x1070027] -> name=[config_safeModeEnabledVibePattern] type=[array] line=[8710]
adding comment for [0x10a001b] -> name=[dock_top_exit] type=[anim] line=[15493]
adding comment for [0x10a001a] -> name=[dock_top_enter] type=[anim] line=[15504]
adding comment for [0x10a0015] -> name=[dock_bottom_exit] type=[anim] line=[15522]
adding comment for [0x10a0014] -> name=[dock_bottom_enter] type=[anim] line=[15532]
adding comment for [0x10a0019] -> name=[dock_right_exit] type=[anim] line=[15542]
adding comment for [0x10a0018] -> name=[dock_right_enter] type=[anim] line=[15552]
adding comment for [0x10a0011] -> name=[app_starting_exit] type=[anim] line=[15567]
adding comment for [0x105000c] -> name=[status_bar_height] type=[dimen] line=[15983]
adding comment for [0x105000d] -> name=[navigation_bar_height] type=[dimen] line=[16017]
adding comment for [0x105000e] -> name=[navigation_bar_height_landscape] type=[dimen] line=[16051]
adding comment for [0x105000f] -> name=[navigation_bar_width] type=[dimen] line=[16105]
corrected [1] resource id
added [24] comments
saving [./android.policy.jar.out/smali/com/android/internal/policy/impl/PhoneWindowManager.smali]
framework resource id found in [./android.policy.jar.out/smali/com/android/internal/policy/impl/PasswordUnlockScreen.smali]
correcting id for name=[keyguard_screen_password_portrait] type=[layout] [0x1090064] -> [0x1090067] line=[116]
adding comment for [0x1020220] -> name=[keyboard] type=[id] line=[166]
adding comment for [0x10202bf] -> name=[passwordEntry] type=[id] line=[177]
adding comment for [0x10202c0] -> name=[switch_ime_button] type=[id] line=[293]
correcting id for name=[keyguard_screen_password_landscape] type=[layout] [0x1090063] -> [0x1090066] line=[384]
adding comment for [0x10202e8] -> name=[pinDel] type=[id] line=[423]
correcting id for name=[lockscreen_password_wrong] type=[string] [0x10402ef] -> [0x10402f3] line=[798]
corrected [3] resource id's
added [7] comments
saving [./android.policy.jar.out/smali/com/android/internal/policy/impl/PasswordUnlockScreen.smali]
framework resource id found in [./android.policy.jar.out/smali/com/android/internal/policy/impl/AccountUnlockScreen.smali]
correcting id for name=[keyguard_screen_glogin_unlock] type=[layout] [0x1090061] -> [0x1090064] line=[68]
adding comment for [0x10202d2] -> name=[topHeader] type=[id] line=[73]
correcting id for name=[lockscreen_glogin_too_many_attempts] type=[string] [0x104030f] -> [0x1040313] line=[94]
adding comment for [0x10202d4] -> name=[instructions] type=[id] line=[100]
adding comment for [0x10202a4] -> name=[login] type=[id] line=[111]
adding comment for [0x10202a5] -> name=[password] type=[id] line=[142]
adding comment for [0x10202a6] -> name=[ok] type=[id] line=[158]
correcting id for name=[lockscreen_glogin_forgot_pattern] type=[string] [0x104030e] -> [0x1040312] line=[196]
correcting id for name=[lockscreen_glogin_checking_password] type=[string] [0x1040316] -> [0x104031a] line=[573]
corrected [4] resource id's
added [9] comments
saving [./android.policy.jar.out/smali/com/android/internal/policy/impl/AccountUnlockScreen.smali]
files processed [525]
files changed [88]
