smali files found [1400]
framework resource id found in [./secondary-framework.jar.out/smali/android/app/SearchDialog.smali]
correcting id for name=[search_bar] type=[layout] [0x10900bd] -> [0x10900c1] line=[176]
correcting id for name=[search_bar] type=[id] [0x1020367] -> [0x102036e] line=[181]
correcting id for name=[search_view] type=[id] [0x1020369] -> [0x1020370] line=[194]
adding comment for [0x1020027] -> name=[closeButton] type=[id] line=[236]
correcting id for name=[search_badge] type=[id] [0x102036b] -> [0x1020372] line=[256]
correcting id for name=[search_src_text] type=[id] [0x1020370] -> [0x1020377] line=[269]
correcting id for name=[search_app_icon] type=[id] [0x1020368] -> [0x102036f] line=[280]
correcting id for name=[search_plate] type=[id] [0x102036f] -> [0x1020376] line=[293]
correcting id for name=[search_spinner] type=[drawable] [0x10804e8] -> [0x1080509] line=[310]
adding comment for [0x10103f4] -> name=[searchDialogTheme] type=[attr] line=[784]
corrected [8] resource id's
added [10] comments
saving [./secondary-framework.jar.out/smali/android/app/SearchDialog.smali]
framework resource id found in [./secondary-framework.jar.out/smali/android/app/AlertDialog.smali]
adding comment for [0x10302f2] -> name=[Theme.Dialog.Alert] type=[style] line=[173]
adding comment for [0x1030302] -> name=[Theme.Holo.Dialog.Alert] type=[style] line=[189]
adding comment for [0x1030306] -> name=[Theme.Holo.Light.Dialog.Alert] type=[style] line=[200]
adding comment for [0x103030e] -> name=[Theme.DeviceDefault.Dialog.Alert] type=[style] line=[211]
adding comment for [0x103030f] -> name=[Theme.DeviceDefault.Light.Dialog.Alert] type=[style] line=[222]
adding comment for [0x1010309] -> name=[alertDialogTheme] type=[attr] line=[243]
added [6] comments
saving [./secondary-framework.jar.out/smali/android/app/AlertDialog.smali]
framework resource id found in [./secondary-framework.jar.out/smali/android/app/DialogFragment.smali]
adding comment for [0x1030312] -> name=[Theme.DeviceDefault.Dialog.NoFrame] type=[style] line=[998]
added [1] comment
saving [./secondary-framework.jar.out/smali/android/app/DialogFragment.smali]
framework resource id found in [./secondary-framework.jar.out/smali/android/app/admin/DeviceAdminInfo.smali]
correcting id for name=[policylab_wipeData] type=[string] [0x104028a] -> [0x104028e] line=[130]
correcting id for name=[policydesc_wipeData] type=[string] [0x104028b] -> [0x104028f] line=[132]
correcting id for name=[policylab_resetPassword] type=[string] [0x1040286] -> [0x104028a] line=[147]
correcting id for name=[policydesc_resetPassword] type=[string] [0x1040287] -> [0x104028b] line=[149]
correcting id for name=[policylab_limitPassword] type=[string] [0x1040282] -> [0x1040286] line=[164]
correcting id for name=[policydesc_limitPassword] type=[string] [0x1040283] -> [0x1040287] line=[166]
correcting id for name=[policylab_watchLogin] type=[string] [0x1040284] -> [0x1040288] line=[181]
correcting id for name=[policydesc_watchLogin] type=[string] [0x1040285] -> [0x1040289] line=[183]
correcting id for name=[policylab_forceLock] type=[string] [0x1040288] -> [0x104028c] line=[198]
correcting id for name=[policydesc_forceLock] type=[string] [0x1040289] -> [0x104028d] line=[200]
correcting id for name=[policylab_setGlobalProxy] type=[string] [0x104028c] -> [0x1040290] line=[215]
correcting id for name=[policydesc_setGlobalProxy] type=[string] [0x104028d] -> [0x1040291] line=[217]
correcting id for name=[policylab_expirePassword] type=[string] [0x104028e] -> [0x1040292] line=[232]
correcting id for name=[policydesc_expirePassword] type=[string] [0x104028f] -> [0x1040293] line=[234]
correcting id for name=[policylab_encryptedStorage] type=[string] [0x1040290] -> [0x1040294] line=[249]
correcting id for name=[policydesc_encryptedStorage] type=[string] [0x1040291] -> [0x1040295] line=[251]
correcting id for name=[policylab_disableCamera] type=[string] [0x1040292] -> [0x1040296] line=[266]
correcting id for name=[policydesc_disableCamera] type=[string] [0x1040293] -> [0x1040297] line=[268]
correcting id for name=[policylab_disableKeyguardFeatures] type=[string] [0x1040294] -> [0x1040298] line=[283]
correcting id for name=[policydesc_disableKeyguardFeatures] type=[string] [0x1040295] -> [0x1040299] line=[285]
corrected [20] resource id's
added [20] comments
saving [./secondary-framework.jar.out/smali/android/app/admin/DeviceAdminInfo.smali]
framework resource id found in [./secondary-framework.jar.out/smali/android/app/WallpaperManager.smali]
correcting id for name=[default_wallpaper] type=[drawable] [0x108021e] -> [0x1080222] line=[591]
corrected [1] resource id
added [1] comment
saving [./secondary-framework.jar.out/smali/android/app/WallpaperManager.smali]
framework resource id found in [./secondary-framework.jar.out/smali/android/app/ListFragment.smali]
correcting id for name=[internalEmpty] type=[id] [0x1020313] -> [0x1020315] line=[156]
adding comment for [0x1020004] -> name=[empty] type=[id] line=[172]
correcting id for name=[progressContainer] type=[id] [0x1020311] -> [0x1020313] line=[182]
correcting id for name=[listContainer] type=[id] [0x1020312] -> [0x1020314] line=[191]
adding comment for [0x102000a] -> name=[list] type=[id] line=[200]
adding comment for [0x10a0001] -> name=[fade_out] type=[anim] line=[310]
adding comment for [0x1090014] -> name=[list_content] type=[layout] line=[531]
corrected [3] resource id's
added [7] comments
saving [./secondary-framework.jar.out/smali/android/app/ListFragment.smali]
framework resource id found in [./secondary-framework.jar.out/smali/android/app/WallpaperManager$Globals.smali]
correcting id for name=[default_wallpaper] type=[drawable] [0x108021e] -> [0x1080222] line=[313]
corrected [1] resource id
added [1] comment
saving [./secondary-framework.jar.out/smali/android/app/WallpaperManager$Globals.smali]
framework resource id found in [./secondary-framework.jar.out/smali/android/app/Notification$Builder.smali]
adding comment for [0x1020006] -> name=[icon] type=[id] line=[268]
adding comment for [0x1020006] -> name=[icon] type=[id] line=[279]
adding comment for [0x1020241] -> name=[right_icon] type=[id] line=[288]
adding comment for [0x1020006] -> name=[icon] type=[id] line=[301]
correcting id for name=[notification_template_icon_low_bg] type=[drawable] [0x108061a] -> [0x108063b] line=[305]
correcting id for name=[status_bar_latest_event_content] type=[id] [0x1020327] -> [0x1020329] line=[310]
correcting id for name=[notification_bg_low] type=[drawable] [0x108041b] -> [0x1080436] line=[314]
adding comment for [0x1020016] -> name=[title] type=[id] line=[347]
adding comment for [0x1020046] -> name=[text] type=[id] line=[364]
correcting id for name=[info] type=[id] [0x102032e] -> [0x1020331] line=[384]
correcting id for name=[info] type=[id] [0x102032e] -> [0x1020331] line=[393]
adding comment for [0x1020046] -> name=[text] type=[id] line=[411]
adding comment for [0x1020015] -> name=[text2] type=[id] line=[427]
adding comment for [0x1020015] -> name=[text2] type=[id] line=[436]
adding comment for [0x1050057] -> name=[notification_subtext_size] type=[dimen] line=[463]
adding comment for [0x1020046] -> name=[text] type=[id] line=[473]
correcting id for name=[line1] type=[id] [0x102032f] -> [0x102032a] line=[483]
correcting id for name=[chronometer] type=[id] [0x1020329] -> [0x102032b] line=[521]
correcting id for name=[chronometer] type=[id] [0x1020329] -> [0x102032b] line=[528]
correcting id for name=[chronometer] type=[id] [0x1020329] -> [0x102032b] line=[551]
correcting id for name=[line3] type=[id] [0x102032d] -> [0x1020330] line=[561]
correcting id for name=[overflow_divider] type=[id] [0x1020333] -> [0x1020339] line=[571]
adding comment for [0x10e0003] -> name=[status_bar_notification_info_maxnum] type=[integer] line=[608]
correcting id for name=[info] type=[id] [0x102032e] -> [0x1020331] line=[623]
adding comment for [0x1040017] -> name=[status_bar_notification_info_overflow] type=[string] line=[633]
correcting id for name=[info] type=[id] [0x102032e] -> [0x1020331] line=[643]
correcting id for name=[info] type=[id] [0x102032e] -> [0x1020331] line=[663]
correcting id for name=[info] type=[id] [0x102032e] -> [0x1020331] line=[683]
adding comment for [0x1020015] -> name=[text2] type=[id] line=[693]
adding comment for [0x1020015] -> name=[text2] type=[id] line=[703]
adding comment for [0x102000d] -> name=[progress] type=[id] line=[724]
adding comment for [0x102000d] -> name=[progress] type=[id] line=[741]
adding comment for [0x102000d] -> name=[progress] type=[id] line=[754]
adding comment for [0x1020064] -> name=[time] type=[id] line=[764]
adding comment for [0x1020064] -> name=[time] type=[id] line=[771]
adding comment for [0x1020064] -> name=[time] type=[id] line=[785]
correcting id for name=[actions] type=[id] [0x1020324] -> [0x1020326] line=[811]
correcting id for name=[action_divider] type=[id] [0x1020331] -> [0x1020334] line=[836]
correcting id for name=[action0] type=[id] [0x1020323] -> [0x1020325] line=[1132]
correcting id for name=[notification_action_tombstone] type=[layout] [0x109008c] -> [0x1090090] line=[1156]
correcting id for name=[notification_action] type=[layout] [0x109008a] -> [0x109008e] line=[1204]
correcting id for name=[notification_template_big_base] type=[layout] [0x109008f] -> [0x1090093] line=[1229]
correcting id for name=[notification_template_base] type=[layout] [0x109008e] -> [0x1090092] line=[1255]
correcting id for name=[status_bar_latest_event_ticker] type=[layout] [0x10900cd] -> [0x10900d1] line=[1293]
correcting id for name=[status_bar_latest_event_ticker_large_icon] type=[layout] [0x10900ce] -> [0x10900d2] line=[1305]
corrected [24] resource id's
added [45] comments
saving [./secondary-framework.jar.out/smali/android/app/Notification$Builder.smali]
framework resource id found in [./secondary-framework.jar.out/smali/android/app/ProgressDialog.smali]
adding comment for [0x102000d] -> name=[progress] type=[id] line=[508]
adding comment for [0x101005d] -> name=[alertDialogStyle] type=[attr] line=[525]
adding comment for [0x1090025] -> name=[alert_dialog_progress] type=[layout] line=[551]
adding comment for [0x1020264] -> name=[progress_number] type=[id] line=[572]
adding comment for [0x1020263] -> name=[progress_percent] type=[id] line=[583]
correcting id for name=[progress_dialog] type=[layout] [0x10900ac] -> [0x10900b0] line=[707]
adding comment for [0x102000b] -> name=[message] type=[id] line=[728]
corrected [1] resource id
added [7] comments
saving [./secondary-framework.jar.out/smali/android/app/ProgressDialog.smali]
framework resource id found in [./secondary-framework.jar.out/smali/android/app/Presentation.smali]
adding comment for [0x10103c0] -> name=[presentationTheme] type=[attr] line=[189]
added [1] comment
saving [./secondary-framework.jar.out/smali/android/app/Presentation.smali]
framework resource id found in [./secondary-framework.jar.out/smali/android/app/TabActivity.smali]
correcting id for name=[tab_content] type=[layout] [0x10900cf] -> [0x10900d3] line=[52]
adding comment for [0x1020012] -> name=[tabhost] type=[id] line=[141]
corrected [1] resource id
added [2] comments
saving [./secondary-framework.jar.out/smali/android/app/TabActivity.smali]
framework resource id found in [./secondary-framework.jar.out/smali/android/app/ExpandableListActivity.smali]
adding comment for [0x1090001] -> name=[expandable_list_content] type=[layout] line=[52]
adding comment for [0x1020004] -> name=[empty] type=[id] line=[135]
adding comment for [0x102000a] -> name=[list] type=[id] line=[143]
added [3] comments
saving [./secondary-framework.jar.out/smali/android/app/ExpandableListActivity.smali]
framework resource id found in [./secondary-framework.jar.out/smali/android/app/ContextImpl$25.smali]
adding comment for [0x103000b] -> name=[Theme.Dialog] type=[style] line=[55]
adding comment for [0x103006f] -> name=[Theme.Holo.Dialog] type=[style] line=[57]
adding comment for [0x103012e] -> name=[Theme.DeviceDefault.Dialog] type=[style] line=[59]
added [3] comments
saving [./secondary-framework.jar.out/smali/android/app/ContextImpl$25.smali]
framework resource id found in [./secondary-framework.jar.out/smali/android/app/LauncherActivity.smali]
adding comment for [0x102025a] -> name=[alertTitle] type=[id] line=[43]
adding comment for [0x1020019] -> name=[button1] type=[id] line=[72]
adding comment for [0x1090020] -> name=[activity_list] type=[layout] line=[378]
added [3] comments
saving [./secondary-framework.jar.out/smali/android/app/LauncherActivity.smali]
framework resource id found in [./secondary-framework.jar.out/smali/android/app/Activity.smali]
adding comment for [0x101009c] -> name=[state_focused] type=[attr] line=[201]
adding comment for [0x102002c] -> name=[home] type=[id] line=[5232]
added [2] comments
saving [./secondary-framework.jar.out/smali/android/app/Activity.smali]
framework resource id found in [./secondary-framework.jar.out/smali/android/app/Notification$InboxStyle.smali]
correcting id for name=[notification_template_inbox] type=[layout] [0x1090092] -> [0x1090096] line=[93]
adding comment for [0x1020015] -> name=[text2] type=[id] line=[101]
correcting id for name=[inbox_end_pad] type=[id] [0x102033c] -> [0x1020343] line=[198]
correcting id for name=[inbox_more] type=[id] [0x102033b] -> [0x1020342] line=[214]
correcting id for name=[inbox_text0] type=[id] [0x1020334] -> [0x102033b] line=[249]
adding comment for [0x102033b] -> name=[inbox_text0] type=[id] line=[249]
correcting id for name=[inbox_text1] type=[id] [0x1020335] -> [0x102033c] line=[250]
adding comment for [0x102033c] -> name=[inbox_text1] type=[id] line=[250]
correcting id for name=[inbox_text2] type=[id] [0x1020336] -> [0x102033d] line=[251]
adding comment for [0x102033d] -> name=[inbox_text2] type=[id] line=[251]
correcting id for name=[inbox_text3] type=[id] [0x1020337] -> [0x102033e] line=[252]
adding comment for [0x102033e] -> name=[inbox_text3] type=[id] line=[252]
correcting id for name=[inbox_text4] type=[id] [0x1020338] -> [0x102033f] line=[253]
adding comment for [0x102033f] -> name=[inbox_text4] type=[id] line=[253]
correcting id for name=[inbox_text5] type=[id] [0x1020339] -> [0x1020340] line=[254]
adding comment for [0x1020340] -> name=[inbox_text5] type=[id] line=[254]
correcting id for name=[inbox_text6] type=[id] [0x102033a] -> [0x1020341] line=[255]
adding comment for [0x1020341] -> name=[inbox_text6] type=[id] line=[255]
corrected [10] resource id's
added [11] comments
saving [./secondary-framework.jar.out/smali/android/app/Notification$InboxStyle.smali]
framework resource id found in [./secondary-framework.jar.out/smali/android/app/MediaRouteButton.smali]
adding comment for [0x10100a0] -> name=[state_checked] type=[attr] line=[63]
adding comment for [0x10102fe] -> name=[state_activated] type=[attr] line=[72]
adding comment for [0x10103ad] -> name=[mediaRouteButtonStyle] type=[attr] line=[102]
added [3] comments
saving [./secondary-framework.jar.out/smali/android/app/MediaRouteButton.smali]
framework resource id found in [./secondary-framework.jar.out/smali/android/app/ActivityManager.smali]
framework resource id found in [./secondary-framework.jar.out/smali/android/app/DatePickerDialog.smali]
correcting id for name=[date_time_done] type=[string] [0x1040432] -> [0x1040436] line=[75]
adding comment for [0x1090037] -> name=[date_picker_dialog] type=[layout] line=[99]
adding comment for [0x1020280] -> name=[datePicker] type=[id] line=[112]
correcting id for name=[date_picker_dialog_title] type=[string] [0x1040430] -> [0x1040434] line=[285]
corrected [2] resource id's
added [4] comments
saving [./secondary-framework.jar.out/smali/android/app/DatePickerDialog.smali]
framework resource id found in [./secondary-framework.jar.out/smali/android/app/LauncherActivity$IconResizer.smali]
framework resource id found in [./secondary-framework.jar.out/smali/android/app/ListActivity.smali]
correcting id for name=[list_content_simple] type=[layout] [0x109007b] -> [0x109007f] line=[73]
adding comment for [0x1020004] -> name=[empty] type=[id] line=[141]
adding comment for [0x102000a] -> name=[list] type=[id] line=[149]
corrected [1] resource id
added [3] comments
saving [./secondary-framework.jar.out/smali/android/app/ListActivity.smali]
framework resource id found in [./secondary-framework.jar.out/smali/android/app/Notification$BigTextStyle.smali]
correcting id for name=[big_text] type=[id] [0x1020330] -> [0x1020333] line=[53]
correcting id for name=[notification_template_big_text] type=[layout] [0x1090091] -> [0x1090095] line=[89]
correcting id for name=[line1] type=[id] [0x102032f] -> [0x102032a] line=[100]
adding comment for [0x1020015] -> name=[text2] type=[id] line=[120]
corrected [3] resource id's
added [4] comments
saving [./secondary-framework.jar.out/smali/android/app/Notification$BigTextStyle.smali]
framework resource id found in [./secondary-framework.jar.out/smali/android/app/Notification$Style.smali]
correcting id for name=[overflow_divider] type=[id] [0x1020333] -> [0x1020339] line=[82]
correcting id for name=[line1] type=[id] [0x102032f] -> [0x102032a] line=[84]
correcting id for name=[line3] type=[id] [0x102032d] -> [0x1020330] line=[86]
adding comment for [0x1020046] -> name=[text] type=[id] line=[149]
corrected [3] resource id's
added [4] comments
saving [./secondary-framework.jar.out/smali/android/app/Notification$Style.smali]
framework resource id found in [./secondary-framework.jar.out/smali/android/app/FragmentBreadCrumbs.smali]
adding comment for [0x1030089] -> name=[Widget.FragmentBreadCrumbs] type=[style] line=[66]
adding comment for [0x1090042] -> name=[fragment_bread_crumbs] type=[layout] line=[615]
adding comment for [0x1090041] -> name=[fragment_bread_crumb_item] type=[layout] line=[885]
adding comment for [0x1020016] -> name=[title] type=[id] line=[903]
adding comment for [0x102023f] -> name=[left_icon] type=[id] line=[930]
adding comment for [0x1020016] -> name=[title] type=[id] line=[1034]
adding comment for [0x102023f] -> name=[left_icon] type=[id] line=[1087]
added [7] comments
saving [./secondary-framework.jar.out/smali/android/app/FragmentBreadCrumbs.smali]
framework resource id found in [./secondary-framework.jar.out/smali/android/app/ActivityThread.smali]
adding comment for [0x1050001] -> name=[thumbnail_height] type=[dimen] line=[1461]
adding comment for [0x1050002] -> name=[thumbnail_width] type=[dimen] line=[1471]
added [2] comments
saving [./secondary-framework.jar.out/smali/android/app/ActivityThread.smali]
framework resource id found in [./secondary-framework.jar.out/smali/android/app/Notification$BigPictureStyle.smali]
correcting id for name=[notification_template_big_picture] type=[layout] [0x1090090] -> [0x1090094] line=[68]
correcting id for name=[big_picture] type=[id] [0x1020332] -> [0x1020335] line=[76]
corrected [2] resource id's
added [2] comments
saving [./secondary-framework.jar.out/smali/android/app/Notification$BigPictureStyle.smali]
framework resource id found in [./secondary-framework.jar.out/smali/android/app/Dialog.smali]
adding comment for [0x1010308] -> name=[dialogTheme] type=[attr] line=[167]
added [1] comment
saving [./secondary-framework.jar.out/smali/android/app/Dialog.smali]
framework resource id found in [./secondary-framework.jar.out/smali/android/app/Notification.smali]
adding comment for [0x1020064] -> name=[time] type=[id] line=[971]
adding comment for [0x1020006] -> name=[icon] type=[id] line=[973]
correcting id for name=[notification_template_base] type=[layout] [0x109008e] -> [0x1090092] line=[982]
correcting id for name=[notification_template_icon_low_bg] type=[drawable] [0x108061a] -> [0x108063b] line=[1008]
correcting id for name=[status_bar_latest_event_content] type=[id] [0x1020327] -> [0x1020329] line=[1013]
correcting id for name=[notification_bg_low] type=[drawable] [0x108041b] -> [0x1080436] line=[1017]
adding comment for [0x1020016] -> name=[title] type=[id] line=[1026]
adding comment for [0x1020046] -> name=[text] type=[id] line=[1035]
correcting id for name=[info] type=[id] [0x102032e] -> [0x1020331] line=[1074]
corrected [5] resource id's
added [9] comments
saving [./secondary-framework.jar.out/smali/android/app/Notification.smali]
framework resource id found in [./secondary-framework.jar.out/smali/android/app/TimePickerDialog.smali]
correcting id for name=[time_picker_dialog_title] type=[string] [0x104042f] -> [0x1040433] line=[71]
correcting id for name=[date_time_done] type=[string] [0x1040432] -> [0x1040436] line=[84]
correcting id for name=[time_picker_dialog] type=[layout] [0x10900dc] -> [0x10900e0] line=[103]
correcting id for name=[timePicker] type=[id] [0x102039b] -> [0x10203a2] line=[116]
corrected [4] resource id's
added [4] comments
saving [./secondary-framework.jar.out/smali/android/app/TimePickerDialog.smali]
framework resource id found in [./secondary-framework.jar.out/smali/android/view/PointerIcon.smali]
adding comment for [0x10103f7] -> name=[pointerStyle] type=[attr] line=[241]
added [1] comment
saving [./secondary-framework.jar.out/smali/android/view/PointerIcon.smali]
framework resource id found in [./secondary-framework.jar.out/smali/android/view/inputmethod/BaseInputConnection.smali]
adding comment for [0x1010230] -> name=[candidatesTextStyleSpans] type=[attr] line=[169]
added [1] comment
saving [./secondary-framework.jar.out/smali/android/view/inputmethod/BaseInputConnection.smali]
framework resource id found in [./secondary-framework.jar.out/smali/android/view/ViewConfiguration.smali]
adding comment for [0x1050008] -> name=[config_viewConfigurationTouchSlop] type=[dimen] line=[471]
added [1] comment
saving [./secondary-framework.jar.out/smali/android/view/ViewConfiguration.smali]
framework resource id found in [./secondary-framework.jar.out/smali/android/view/ViewRootImpl.smali]
adding comment for [0x10103f8] -> name=[accessibilityFocusedDrawable] type=[attr] line=[7510]
adding comment for [0x1050007] -> name=[config_prefDialogWidth] type=[dimen] line=[8673]
adding comment for [0x10e0001] -> name=[config_mediumAnimTime] type=[integer] line=[12056]
added [3] comments
saving [./secondary-framework.jar.out/smali/android/view/ViewRootImpl.smali]
framework resource id found in [./secondary-framework.jar.out/smali/android/view/animation/AnimationUtils.smali]
adding comment for [0x10a0002] -> name=[slide_in_left] type=[anim] line=[1116]
adding comment for [0x10a0057] -> name=[slide_in_right] type=[anim] line=[1144]
adding comment for [0x10a0056] -> name=[slide_in_child_bottom] type=[anim] line=[1160]
adding comment for [0x10a0003] -> name=[slide_out_right] type=[anim] line=[1195]
adding comment for [0x10a005a] -> name=[slide_out_left] type=[anim] line=[1223]
added [5] comments
saving [./secondary-framework.jar.out/smali/android/view/animation/AnimationUtils.smali]
framework resource id found in [./secondary-framework.jar.out/smali/android/view/VolumePanel$StreamResources.smali]
correcting id for name=[volume_icon_description_bluetooth] type=[string] [0x10403fd] -> [0x1040401] line=[85]
correcting id for name=[ic_audio_bt] type=[drawable] [0x108029a] -> [0x108029e] line=[87]
correcting id for name=[ic_audio_bt] type=[drawable] [0x108029a] -> [0x108029e] line=[89]
correcting id for name=[volume_icon_description_ringer] type=[string] [0x10403fe] -> [0x1040402] line=[102]
correcting id for name=[ic_audio_ring_notif] type=[drawable] [0x108029f] -> [0x10802a3] line=[104]
correcting id for name=[ic_audio_ring_notif_mute] type=[drawable] [0x10802a0] -> [0x10802a4] line=[106]
correcting id for name=[volume_icon_description_incall] type=[string] [0x10403ff] -> [0x1040403] line=[123]
correcting id for name=[ic_audio_phone] type=[drawable] [0x108029e] -> [0x10802a2] line=[125]
correcting id for name=[ic_audio_phone] type=[drawable] [0x108029e] -> [0x10802a2] line=[127]
correcting id for name=[volume_alarm] type=[string] [0x10403fa] -> [0x10403fe] line=[144]
correcting id for name=[ic_audio_alarm] type=[drawable] [0x1080298] -> [0x108029c] line=[146]
correcting id for name=[ic_audio_alarm_mute] type=[drawable] [0x1080299] -> [0x108029d] line=[148]
correcting id for name=[ic_volume_small] type=[drawable] [0x108036a] -> [0x1080384] line=[169]
correcting id for name=[ic_volume_off_small] type=[drawable] [0x1080369] -> [0x1080383] line=[171]
correcting id for name=[ic_volume_small] type=[drawable] [0x108036a] -> [0x1080384] line=[192]
correcting id for name=[ic_volume_off_small] type=[drawable] [0x1080369] -> [0x1080383] line=[194]
correcting id for name=[volume_icon_description_media] type=[string] [0x1040400] -> [0x1040404] line=[209]
correcting id for name=[ic_audio_vol] type=[drawable] [0x10802a2] -> [0x10802a6] line=[211]
correcting id for name=[ic_audio_vol_mute] type=[drawable] [0x10802a3] -> [0x10802a7] line=[213]
correcting id for name=[volume_icon_description_notification] type=[string] [0x1040401] -> [0x1040405] line=[232]
correcting id for name=[ic_audio_notification] type=[drawable] [0x108029c] -> [0x10802a0] line=[234]
correcting id for name=[ic_audio_notification_mute] type=[drawable] [0x108029d] -> [0x10802a1] line=[236]
correcting id for name=[volume_icon_description_media] type=[string] [0x1040400] -> [0x1040404] line=[253]
correcting id for name=[ic_audio_vol] type=[drawable] [0x10802a2] -> [0x10802a6] line=[255]
correcting id for name=[ic_audio_vol_mute] type=[drawable] [0x10802a3] -> [0x10802a7] line=[257]
correcting id for name=[volume_icon_description_media] type=[string] [0x1040400] -> [0x1040404] line=[274]
correcting id for name=[ic_media_route_on_holo_dark] type=[drawable] [0x108031a] -> [0x1080334] line=[276]
correcting id for name=[ic_media_route_disabled_holo_dark] type=[drawable] [0x108030e] -> [0x1080328] line=[278]
corrected [28] resource id's
added [28] comments
saving [./secondary-framework.jar.out/smali/android/view/VolumePanel$StreamResources.smali]
framework resource id found in [./secondary-framework.jar.out/smali/android/view/VolumePanel.smali]
correcting id for name=[volume_adjust] type=[layout] [0x10900e2] -> [0x10900e6] line=[304]
correcting id for name=[visible_panel] type=[id] [0x10203ab] -> [0x10203b2] line=[327]
correcting id for name=[slider_group] type=[id] [0x10203ac] -> [0x10203b3] line=[340]
correcting id for name=[expand_button] type=[id] [0x1020320] -> [0x1020322] line=[353]
correcting id for name=[expand_button_divider] type=[id] [0x10203ad] -> [0x10203b4] line=[366]
adding comment for [0x10302fe] -> name=[Theme.Panel.Volume] type=[style] line=[379]
adding comment for [0x105004d] -> name=[volume_panel_top] type=[dimen] line=[439]
correcting id for name=[volume_adjust_item] type=[layout] [0x10900e3] -> [0x10900e7] line=[927]
correcting id for name=[stream_icon] type=[id] [0x10203ae] -> [0x10203b5] line=[945]
correcting id for name=[seekbar] type=[id] [0x102034f] -> [0x1020356] line=[991]
correcting id for name=[ic_audio_ring_notif_vibrate] type=[drawable] [0x10802a1] -> [0x10802a5] line=[1718]
correcting id for name=[safe_media_volume_warning] type=[string] [0x1040545] -> [0x1040549] line=[2029]
adding comment for [0x1040013] -> name=[yes] type=[string] line=[2035]
adding comment for [0x1040009] -> name=[no] type=[string] line=[2045]
adding comment for [0x1010355] -> name=[alertDialogIcon] type=[attr] line=[2053]
correcting id for name=[ic_audio_bt] type=[drawable] [0x108029a] -> [0x108029e] line=[2884]
correcting id for name=[ic_audio_bt_mute] type=[drawable] [0x108029b] -> [0x108029f] line=[2886]
correcting id for name=[ic_audio_vol] type=[drawable] [0x10802a2] -> [0x10802a6] line=[2894]
correcting id for name=[ic_audio_vol_mute] type=[drawable] [0x10802a3] -> [0x10802a7] line=[2896]
corrected [14] resource id's
added [19] comments
saving [./secondary-framework.jar.out/smali/android/view/VolumePanel.smali]
framework resource id found in [./secondary-framework.jar.out/smali/android/view/Window.smali]
adding comment for [0x1020002] -> name=[content] type=[id] line=[42]
added [1] comment
saving [./secondary-framework.jar.out/smali/android/view/Window.smali]
framework resource id found in [./secondary-framework.jar.out/smali/android/view/ScaleGestureDetector.smali]
adding comment for [0x105000a] -> name=[config_minScalingTouchMajor] type=[dimen] line=[124]
adding comment for [0x1050009] -> name=[config_minScalingSpan] type=[dimen] line=[133]
added [2] comments
saving [./secondary-framework.jar.out/smali/android/view/ScaleGestureDetector.smali]
framework resource id found in [./secondary-framework.jar.out/smali/android/view/View.smali]
adding comment for [0x101009d] -> name=[state_window_focused] type=[attr] line=[1698]
adding comment for [0x10100a1] -> name=[state_selected] type=[attr] line=[1700]
adding comment for [0x101009c] -> name=[state_focused] type=[attr] line=[1702]
adding comment for [0x101009e] -> name=[state_enabled] type=[attr] line=[1704]
adding comment for [0x10100a7] -> name=[state_pressed] type=[attr] line=[1706]
adding comment for [0x10102fe] -> name=[state_activated] type=[attr] line=[1708]
adding comment for [0x101031b] -> name=[state_accelerated] type=[attr] line=[1710]
adding comment for [0x1010367] -> name=[state_hovered] type=[attr] line=[1712]
adding comment for [0x1010368] -> name=[state_drag_can_accept] type=[attr] line=[1714]
adding comment for [0x1010369] -> name=[state_drag_hovered] type=[attr] line=[1716]
adding comment for [0x101004d] -> name=[listPreferredItemHeight] type=[attr] line=[19894]
added [11] comments
saving [./secondary-framework.jar.out/smali/android/view/View.smali]
framework resource id found in [./secondary-framework.jar.out/smali/android/widget/Editor$ActionPopupWindow.smali]
correcting id for name=[text_edit_action_popup_text] type=[layout] [0x10900d3] -> [0x10900d7] line=[22]
adding comment for [0x10102c8] -> name=[textSelectHandleWindowStyle] type=[attr] line=[178]
correcting id for name=[text_edit_action_popup_text] type=[layout] [0x10900d3] -> [0x10900d7] line=[267]
correcting id for name=[text_edit_paste_window] type=[drawable] [0x10805c4] -> [0x10805e5] line=[299]
adding comment for [0x104000b] -> name=[paste] type=[string] line=[354]
correcting id for name=[replace] type=[string] [0x10403c1] -> [0x10403c5] line=[387]
adding comment for [0x1020022] -> name=[paste] type=[id] line=[431]
corrected [4] resource id's
added [7] comments
saving [./secondary-framework.jar.out/smali/android/widget/Editor$ActionPopupWindow.smali]
framework resource id found in [./secondary-framework.jar.out/smali/android/widget/ImageButton.smali]
adding comment for [0x1010072] -> name=[imageButtonStyle] type=[attr] line=[34]
added [1] comment
saving [./secondary-framework.jar.out/smali/android/widget/ImageButton.smali]
framework resource id found in [./secondary-framework.jar.out/smali/android/widget/SearchView.smali]
correcting id for name=[search_view] type=[layout] [0x10900c0] -> [0x10900c4] line=[229]
correcting id for name=[search_button] type=[id] [0x102036c] -> [0x1020373] line=[234]
correcting id for name=[search_src_text] type=[id] [0x1020370] -> [0x1020377] line=[243]
correcting id for name=[search_edit_frame] type=[id] [0x102036d] -> [0x1020374] line=[259]
correcting id for name=[search_plate] type=[id] [0x102036f] -> [0x1020376] line=[268]
correcting id for name=[submit_area] type=[id] [0x1020372] -> [0x1020379] line=[277]
correcting id for name=[search_go_btn] type=[id] [0x1020373] -> [0x102037a] line=[286]
correcting id for name=[search_close_btn] type=[id] [0x1020371] -> [0x1020378] line=[295]
correcting id for name=[search_voice_btn] type=[id] [0x1020374] -> [0x102037b] line=[306]
correcting id for name=[search_mag_icon] type=[id] [0x102036e] -> [0x1020375] line=[315]
adding comment for [0x105004b] -> name=[dropdownitem_icon_width] type=[dimen] line=[877]
adding comment for [0x1050049] -> name=[dropdownitem_text_padding_left] type=[dimen] line=[883]
adding comment for [0x1050037] -> name=[search_view_preferred_width] type=[dimen] line=[1703]
adding comment for [0x10103ee] -> name=[searchViewSearchIcon] type=[attr] line=[1731]
corrected [10] resource id's
added [14] comments
saving [./secondary-framework.jar.out/smali/android/widget/SearchView.smali]
framework resource id found in [./secondary-framework.jar.out/smali/android/widget/PopupWindow.smali]
adding comment for [0x10100aa] -> name=[state_above_anchor] type=[attr] line=[136]
adding comment for [0x1010076] -> name=[popupWindowStyle] type=[attr] line=[196]
adding comment for [0x10301ee] -> name=[Animation.PopupWindow] type=[style] line=[356]
adding comment for [0x10301e8] -> name=[Animation.DropDownUp] type=[style] line=[757]
adding comment for [0x10301e7] -> name=[Animation.DropDownDown] type=[style] line=[765]
added [5] comments
saving [./secondary-framework.jar.out/smali/android/widget/PopupWindow.smali]
framework resource id found in [./secondary-framework.jar.out/smali/android/widget/QuickContactBadge.smali]
correcting id for name=[ic_contact_picture] type=[drawable] [0x10802be] -> [0x10802c2] line=[702]
corrected [1] resource id
added [1] comment
saving [./secondary-framework.jar.out/smali/android/widget/QuickContactBadge.smali]
framework resource id found in [./secondary-framework.jar.out/smali/android/widget/ActivityChooserView$ActivityChooserViewAdapter.smali]
adding comment for [0x109001f] -> name=[activity_chooser_view_list_item] type=[layout] line=[315]
adding comment for [0x1020016] -> name=[title] type=[id] line=[317]
correcting id for name=[activity_chooser_view_see_all] type=[string] [0x1040505] -> [0x1040509] line=[384]
adding comment for [0x1020256] -> name=[list_item] type=[id] line=[412]
adding comment for [0x1020006] -> name=[icon] type=[id] line=[447]
corrected [1] resource id
added [5] comments
saving [./secondary-framework.jar.out/smali/android/widget/ActivityChooserView$ActivityChooserViewAdapter.smali]
framework resource id found in [./secondary-framework.jar.out/smali/android/widget/RemoteViews$SetOnClickFillInIntent.smali]
adding comment for [0x1020246] -> name=[fillInIntent] type=[id] line=[138]
added [1] comment
saving [./secondary-framework.jar.out/smali/android/widget/RemoteViews$SetOnClickFillInIntent.smali]
framework resource id found in [./secondary-framework.jar.out/smali/android/widget/DateTimeView.smali]
correcting id for name=[twenty_four_hour_time_format] type=[string] [0x1040031] -> [0x1040035] line=[210]
correcting id for name=[twelve_hour_time_format] type=[string] [0x1040030] -> [0x1040034] line=[231]
corrected [2] resource id's
added [2] comments
saving [./secondary-framework.jar.out/smali/android/widget/DateTimeView.smali]
framework resource id found in [./secondary-framework.jar.out/smali/android/widget/TabHost.smali]
adding comment for [0x1010083] -> name=[tabWidgetStyle] type=[attr] line=[141]
correcting id for name=[tab_indicator_holo] type=[layout] [0x10900d1] -> [0x10900d5] line=[166]
adding comment for [0x1020013] -> name=[tabs] type=[id] line=[1133]
adding comment for [0x1020011] -> name=[tabcontent] type=[id] line=[1175]
corrected [1] resource id
added [4] comments
saving [./secondary-framework.jar.out/smali/android/widget/TabHost.smali]
framework resource id found in [./secondary-framework.jar.out/smali/android/widget/TimePicker.smali]
adding comment for [0x10103df] -> name=[timePickerStyle] type=[attr] line=[93]
correcting id for name=[numberpicker_input] type=[id] [0x102033e] -> [0x1020345] line=[112]
correcting id for name=[time_picker] type=[layout] [0x10900db] -> [0x10900df] line=[140]
correcting id for name=[hour] type=[id] [0x1020398] -> [0x102039f] line=[164]
correcting id for name=[divider] type=[id] [0x102039c] -> [0x10203a3] line=[200]
correcting id for name=[time_picker_separator] type=[string] [0x104006b] -> [0x104006f] line=[218]
correcting id for name=[minute] type=[id] [0x1020399] -> [0x10203a0] line=[224]
correcting id for name=[amPm] type=[id] [0x102039a] -> [0x10203a1] line=[307]
correcting id for name=[decrement] type=[id] [0x102033f] -> [0x1020346] line=[621]
correcting id for name=[increment] type=[id] [0x102033d] -> [0x1020344] line=[623]
correcting id for name=[time_picker_increment_minute_button] type=[string] [0x10404bf] -> [0x10404c3] line=[628]
correcting id for name=[time_picker_decrement_minute_button] type=[string] [0x10404c0] -> [0x10404c4] line=[635]
correcting id for name=[time_picker_increment_hour_button] type=[string] [0x10404c1] -> [0x10404c5] line=[642]
correcting id for name=[time_picker_decrement_hour_button] type=[string] [0x10404c2] -> [0x10404c6] line=[649]
correcting id for name=[time_picker_increment_set_pm_button] type=[string] [0x10404c3] -> [0x10404c7] line=[661]
correcting id for name=[time_picker_decrement_set_am_button] type=[string] [0x10404c4] -> [0x10404c8] line=[668]
corrected [15] resource id's
added [16] comments
saving [./secondary-framework.jar.out/smali/android/widget/TimePicker.smali]
framework resource id found in [./secondary-framework.jar.out/smali/android/widget/ListPopupWindow$DropDownListView.smali]
adding comment for [0x101006d] -> name=[dropDownListViewStyle] type=[attr] line=[38]
added [1] comment
saving [./secondary-framework.jar.out/smali/android/widget/ListPopupWindow$DropDownListView.smali]
framework resource id found in [./secondary-framework.jar.out/smali/android/widget/Editor$HandleView.smali]
adding comment for [0x10102c8] -> name=[textSelectHandleWindowStyle] type=[attr] line=[144]
added [1] comment
saving [./secondary-framework.jar.out/smali/android/widget/Editor$HandleView.smali]
framework resource id found in [./secondary-framework.jar.out/smali/android/widget/HorizontalScrollView.smali]
adding comment for [0x1010353] -> name=[horizontalScrollViewStyle] type=[attr] line=[81]
added [1] comment
saving [./secondary-framework.jar.out/smali/android/widget/HorizontalScrollView.smali]
framework resource id found in [./secondary-framework.jar.out/smali/android/widget/RadioButton.smali]
adding comment for [0x101007e] -> name=[radioButtonStyle] type=[attr] line=[29]
added [1] comment
saving [./secondary-framework.jar.out/smali/android/widget/RadioButton.smali]
framework resource id found in [./secondary-framework.jar.out/smali/android/widget/StackView.smali]
adding comment for [0x10103dd] -> name=[stackViewStyle] type=[attr] line=[149]
added [1] comment
saving [./secondary-framework.jar.out/smali/android/widget/StackView.smali]
framework resource id found in [./secondary-framework.jar.out/smali/android/widget/AutoCompleteTextView.smali]
adding comment for [0x101006b] -> name=[autoCompleteTextViewStyle] type=[attr] line=[91]
adding comment for [0x101006b] -> name=[autoCompleteTextViewStyle] type=[attr] line=[134]
correcting id for name=[simple_dropdown_hint] type=[layout] [0x10900c7] -> [0x10900cb] line=[242]
adding comment for [0x1020014] -> name=[text1] type=[id] line=[1935]
corrected [1] resource id
added [4] comments
saving [./secondary-framework.jar.out/smali/android/widget/AutoCompleteTextView.smali]
framework resource id found in [./secondary-framework.jar.out/smali/android/widget/ExpandableListView.smali]
adding comment for [0x10100a8] -> name=[state_expanded] type=[attr] line=[108]
adding comment for [0x10100a9] -> name=[state_empty] type=[attr] line=[117]
adding comment for [0x10100a6] -> name=[state_last] type=[attr] line=[158]
adding comment for [0x10100a8] -> name=[state_expanded] type=[attr] line=[169]
adding comment for [0x10100a9] -> name=[state_empty] type=[attr] line=[170]
adding comment for [0x101006f] -> name=[expandableListViewStyle] type=[attr] line=[195]
added [6] comments
saving [./secondary-framework.jar.out/smali/android/widget/ExpandableListView.smali]
framework resource id found in [./secondary-framework.jar.out/smali/android/widget/VideoView$4.smali]
adding comment for [0x1040015] -> name=[VideoView_error_text_invalid_progressive_playback] type=[string] line=[171]
adding comment for [0x1040010] -> name=[VideoView_error_button] type=[string] line=[191]
adding comment for [0x1040011] -> name=[VideoView_error_text_unknown] type=[string] line=[214]
added [3] comments
saving [./secondary-framework.jar.out/smali/android/widget/VideoView$4.smali]
framework resource id found in [./secondary-framework.jar.out/smali/android/widget/RemoteViews$SetPendingIntentTemplate$1.smali]
adding comment for [0x1020246] -> name=[fillInIntent] type=[id] line=[125]
added [1] comment
saving [./secondary-framework.jar.out/smali/android/widget/RemoteViews$SetPendingIntentTemplate$1.smali]
framework resource id found in [./secondary-framework.jar.out/smali/android/widget/TabHost$LabelIndicatorStrategy.smali]
adding comment for [0x1020016] -> name=[title] type=[id] line=[106]
correcting id for name=[tab_indicator_v4] type=[drawable] [0x10805af] -> [0x10805d0] line=[132]
correcting id for name=[tab_indicator_text_v4] type=[color] [0x106007d] -> [0x1060085] line=[141]
corrected [2] resource id's
added [3] comments
saving [./secondary-framework.jar.out/smali/android/widget/TabHost$LabelIndicatorStrategy.smali]
framework resource id found in [./secondary-framework.jar.out/smali/android/widget/AppSecurityPermissions$PermissionItemView.smali]
correcting id for name=[perms_description_app] type=[string] [0x1040434] -> [0x1040438] line=[192]
adding comment for [0x102026a] -> name=[perm_icon] type=[id] line=[280]
adding comment for [0x102026b] -> name=[perm_name] type=[id] line=[290]
corrected [1] resource id
added [3] comments
saving [./secondary-framework.jar.out/smali/android/widget/AppSecurityPermissions$PermissionItemView.smali]
framework resource id found in [./secondary-framework.jar.out/smali/android/widget/AbsListView.smali]
adding comment for [0x101006a] -> name=[absListViewStyle] type=[attr] line=[518]
correcting id for name=[typing_filter] type=[layout] [0x10900e0] -> [0x10900e4] line=[2103]
adding comment for [0x10301e5] -> name=[Animation.TypingFilter] type=[style] line=[2182]
adding comment for [0x10301e6] -> name=[Animation.TypingFilterRestore] type=[style] line=[2194]
adding comment for [0x1080062] -> name=[list_selector_background] type=[drawable] line=[4702]
corrected [1] resource id
added [5] comments
saving [./secondary-framework.jar.out/smali/android/widget/AbsListView.smali]
framework resource id found in [./secondary-framework.jar.out/smali/android/widget/CalendarView.smali]
adding comment for [0x101035d] -> name=[calendarViewStyle] type=[attr] line=[269]
adding comment for [0x1030046] -> name=[TextAppearance.Small] type=[style] line=[475]
adding comment for [0x109002f] -> name=[calendar_view] type=[layout] line=[588]
adding comment for [0x102000a] -> name=[list] type=[id] line=[603]
adding comment for [0x1020274] -> name=[day_names] type=[id] line=[614]
adding comment for [0x1020273] -> name=[month_name] type=[id] line=[625]
added [6] comments
saving [./secondary-framework.jar.out/smali/android/widget/CalendarView.smali]
framework resource id found in [./secondary-framework.jar.out/smali/android/widget/AnalogClock.smali]
correcting id for name=[clock_dial] type=[drawable] [0x1080210] -> [0x1080214] line=[123]
correcting id for name=[clock_hand_hour] type=[drawable] [0x1080211] -> [0x1080215] line=[147]
correcting id for name=[clock_hand_minute] type=[drawable] [0x1080212] -> [0x1080216] line=[171]
corrected [3] resource id's
added [3] comments
saving [./secondary-framework.jar.out/smali/android/widget/AnalogClock.smali]
framework resource id found in [./secondary-framework.jar.out/smali/android/widget/SeekBar.smali]
adding comment for [0x101007b] -> name=[seekBarStyle] type=[attr] line=[41]
added [1] comment
saving [./secondary-framework.jar.out/smali/android/widget/SeekBar.smali]
framework resource id found in [./secondary-framework.jar.out/smali/android/widget/DialerFilter.smali]
adding comment for [0x1020005] -> name=[hint] type=[id] line=[490]
adding comment for [0x102000c] -> name=[primary] type=[id] line=[547]
adding comment for [0x1020006] -> name=[icon] type=[id] line=[604]
added [3] comments
saving [./secondary-framework.jar.out/smali/android/widget/DialerFilter.smali]
framework resource id found in [./secondary-framework.jar.out/smali/android/widget/CheckBox.smali]
adding comment for [0x101006c] -> name=[checkboxStyle] type=[attr] line=[29]
added [1] comment
saving [./secondary-framework.jar.out/smali/android/widget/CheckBox.smali]
framework resource id found in [./secondary-framework.jar.out/smali/android/widget/AppSecurityPermissions.smali]
correcting id for name=[ic_bullet_key_permission] type=[drawable] [0x10802af] -> [0x10802b3] line=[1385]
correcting id for name=[ic_text_dot] type=[drawable] [0x1080360] -> [0x108037a] line=[1411]
adding comment for [0x109002a] -> name=[app_permission_item_money] type=[layout] line=[1433]
adding comment for [0x1090029] -> name=[app_permission_item] type=[layout] line=[1454]
adding comment for [0x109002b] -> name=[app_permission_item_old] type=[layout] line=[1498]
adding comment for [0x102026e] -> name=[permission_group] type=[id] line=[1508]
adding comment for [0x102026f] -> name=[permission_list] type=[id] line=[1518]
adding comment for [0x102026a] -> name=[perm_icon] type=[id] line=[1528]
correcting id for name=[perms_new_perm_prefix] type=[string] [0x1040433] -> [0x1040437] line=[1751]
correcting id for name=[ic_text_dot] type=[drawable] [0x1080360] -> [0x108037a] line=[1766]
correcting id for name=[ic_bullet_key_permission] type=[drawable] [0x10802af] -> [0x10802b3] line=[1781]
adding comment for [0x109002c] -> name=[app_perms_summary] type=[layout] line=[2132]
adding comment for [0x1020271] -> name=[perms_list] type=[id] line=[2144]
adding comment for [0x1020270] -> name=[no_permissions] type=[id] line=[2154]
corrected [5] resource id's
added [14] comments
saving [./secondary-framework.jar.out/smali/android/widget/AppSecurityPermissions.smali]
framework resource id found in [./secondary-framework.jar.out/smali/android/widget/TwoLineListItem.smali]
adding comment for [0x1020014] -> name=[text1] type=[id] line=[107]
adding comment for [0x1020015] -> name=[text2] type=[id] line=[118]
added [2] comments
saving [./secondary-framework.jar.out/smali/android/widget/TwoLineListItem.smali]
framework resource id found in [./secondary-framework.jar.out/smali/android/widget/ScrollView.smali]
adding comment for [0x1010080] -> name=[scrollViewStyle] type=[attr] line=[85]
added [1] comment
saving [./secondary-framework.jar.out/smali/android/widget/ScrollView.smali]
framework resource id found in [./secondary-framework.jar.out/smali/android/widget/CheckedTextView.smali]
adding comment for [0x10100a0] -> name=[state_checked] type=[attr] line=[40]
adding comment for [0x10103c8] -> name=[checkedTextViewStyle] type=[attr] line=[70]
added [2] comments
saving [./secondary-framework.jar.out/smali/android/widget/CheckedTextView.smali]
framework resource id found in [./secondary-framework.jar.out/smali/android/widget/ZoomButtonsController.smali]
adding comment for [0x10301eb] -> name=[Animation.ZoomButtons] type=[style] line=[367]
correcting id for name=[zoom_container] type=[layout] [0x10900eb] -> [0x10900ef] line=[403]
correcting id for name=[zoomControls] type=[id] [0x10203b7] -> [0x10203be] line=[408]
corrected [2] resource id's
added [3] comments
saving [./secondary-framework.jar.out/smali/android/widget/ZoomButtonsController.smali]
framework resource id found in [./secondary-framework.jar.out/smali/android/widget/GridView.smali]
adding comment for [0x1010071] -> name=[gridViewStyle] type=[attr] line=[72]
added [1] comment
saving [./secondary-framework.jar.out/smali/android/widget/GridView.smali]
framework resource id found in [./secondary-framework.jar.out/smali/android/widget/Editor$SelectionActionModeCallback.smali]
correcting id for name=[textSelectionCABTitle] type=[string] [0x10403c3] -> [0x10403c7] line=[168]
adding comment for [0x102001f] -> name=[selectAll] type=[id] line=[200]
adding comment for [0x104000d] -> name=[selectAll] type=[string] line=[202]
adding comment for [0x1020020] -> name=[cut] type=[id] line=[235]
adding comment for [0x1040003] -> name=[cut] type=[string] line=[237]
adding comment for [0x1020021] -> name=[copy] type=[id] line=[275]
adding comment for [0x1040001] -> name=[copy] type=[string] line=[277]
adding comment for [0x1020022] -> name=[paste] type=[id] line=[315]
adding comment for [0x104000b] -> name=[paste] type=[string] line=[317]
corrected [1] resource id
added [9] comments
saving [./secondary-framework.jar.out/smali/android/widget/Editor$SelectionActionModeCallback.smali]
framework resource id found in [./secondary-framework.jar.out/smali/android/widget/CompoundButton.smali]
adding comment for [0x10100a0] -> name=[state_checked] type=[attr] line=[51]
added [1] comment
saving [./secondary-framework.jar.out/smali/android/widget/CompoundButton.smali]
framework resource id found in [./secondary-framework.jar.out/smali/android/widget/ShareActionProvider.smali]
adding comment for [0x10103e1] -> name=[actionModeShareDrawable] type=[attr] line=[205]
correcting id for name=[shareactionprovider_share_with_application] type=[string] [0x10404d4] -> [0x10404d8] line=[232]
correcting id for name=[shareactionprovider_share_with] type=[string] [0x10404d3] -> [0x10404d7] line=[237]
correcting id for name=[activity_chooser_view_see_all] type=[string] [0x1040505] -> [0x1040509] line=[334]
corrected [3] resource id's
added [4] comments
saving [./secondary-framework.jar.out/smali/android/widget/ShareActionProvider.smali]
framework resource id found in [./secondary-framework.jar.out/smali/android/widget/SuggestionsAdapter.smali]
correcting id for name=[search_dropdown_item_icons_2line] type=[layout] [0x10900bf] -> [0x10900c3] line=[105]
adding comment for [0x1010267] -> name=[textColorSearchUrl] type=[attr] line=[255]
corrected [1] resource id
added [2] comments
saving [./secondary-framework.jar.out/smali/android/widget/SuggestionsAdapter.smali]
framework resource id found in [./secondary-framework.jar.out/smali/android/widget/RatingBar.smali]
adding comment for [0x101007c] -> name=[ratingBarStyle] type=[attr] line=[45]
added [1] comment
saving [./secondary-framework.jar.out/smali/android/widget/RatingBar.smali]
framework resource id found in [./secondary-framework.jar.out/smali/android/widget/ClocksWgtAnalogClock.smali]
correcting id for name=[clock_dial] type=[drawable] [0x1080210] -> [0x1080214] line=[163]
correcting id for name=[clock_hand_hour] type=[drawable] [0x1080211] -> [0x1080215] line=[185]
correcting id for name=[clock_hand_minute] type=[drawable] [0x1080212] -> [0x1080216] line=[209]
corrected [3] resource id's
added [3] comments
saving [./secondary-framework.jar.out/smali/android/widget/ClocksWgtAnalogClock.smali]
framework resource id found in [./secondary-framework.jar.out/smali/android/widget/DatePicker.smali]
adding comment for [0x101035c] -> name=[datePickerStyle] type=[attr] line=[111]
adding comment for [0x1090036] -> name=[date_picker] type=[layout] line=[231]
adding comment for [0x102027b] -> name=[pickers] type=[id] line=[279]
adding comment for [0x102027f] -> name=[calendar_view] type=[id] line=[294]
adding comment for [0x102027d] -> name=[day] type=[id] line=[322]
correcting id for name=[numberpicker_input] type=[id] [0x102033e] -> [0x1020345] line=[368]
adding comment for [0x102027c] -> name=[month] type=[id] line=[381]
correcting id for name=[numberpicker_input] type=[id] [0x102033e] -> [0x1020345] line=[449]
adding comment for [0x102027e] -> name=[year] type=[id] line=[462]
correcting id for name=[numberpicker_input] type=[id] [0x102033e] -> [0x1020345] line=[497]
correcting id for name=[decrement] type=[id] [0x102033f] -> [0x1020346] line=[1226]
correcting id for name=[increment] type=[id] [0x102033d] -> [0x1020344] line=[1228]
correcting id for name=[date_picker_increment_day_button] type=[string] [0x10404c7] -> [0x10404cb] line=[1233]
correcting id for name=[date_picker_decrement_day_button] type=[string] [0x10404c8] -> [0x10404cc] line=[1240]
correcting id for name=[date_picker_increment_month_button] type=[string] [0x10404c5] -> [0x10404c9] line=[1247]
correcting id for name=[date_picker_decrement_month_button] type=[string] [0x10404c6] -> [0x10404ca] line=[1254]
correcting id for name=[date_picker_increment_year_button] type=[string] [0x10404c9] -> [0x10404cd] line=[1261]
correcting id for name=[date_picker_decrement_year_button] type=[string] [0x10404ca] -> [0x10404ce] line=[1268]
correcting id for name=[numberpicker_input] type=[id] [0x102033e] -> [0x1020345] line=[1470]
corrected [12] resource id's
added [19] comments
saving [./secondary-framework.jar.out/smali/android/widget/DatePicker.smali]
framework resource id found in [./secondary-framework.jar.out/smali/android/widget/EditText.smali]
adding comment for [0x101006e] -> name=[editTextStyle] type=[attr] line=[29]
added [1] comment
saving [./secondary-framework.jar.out/smali/android/widget/EditText.smali]
framework resource id found in [./secondary-framework.jar.out/smali/android/widget/Editor.smali]
adding comment for [0x105004c] -> name=[textview_error_popup_default_width] type=[dimen] line=[498]
correcting id for name=[text_drag_thumbnail] type=[layout] [0x10900d2] -> [0x10900d6] line=[2212]
correcting id for name=[textview_hint] type=[layout] [0x10900da] -> [0x10900de] line=[3459]
corrected [2] resource id's
added [3] comments
saving [./secondary-framework.jar.out/smali/android/widget/Editor.smali]
framework resource id found in [./secondary-framework.jar.out/smali/android/widget/AbsSpinner.smali]
adding comment for [0x1090008] -> name=[simple_spinner_item] type=[layout] line=[170]
adding comment for [0x1090009] -> name=[simple_spinner_dropdown_item] type=[layout] line=[176]
added [2] comments
saving [./secondary-framework.jar.out/smali/android/widget/AbsSpinner.smali]
framework resource id found in [./secondary-framework.jar.out/smali/android/widget/Editor$SuggestionsPopupWindow$SuggestionInfo.smali]
adding comment for [0x1030118] -> name=[TextAppearance.SuggestionHighlight] type=[style] line=[68]
added [1] comment
saving [./secondary-framework.jar.out/smali/android/widget/Editor$SuggestionsPopupWindow$SuggestionInfo.smali]
framework resource id found in [./secondary-framework.jar.out/smali/android/widget/Toast$TN.smali]
adding comment for [0x1030004] -> name=[Animation.Toast] type=[style] line=[108]
added [1] comment
saving [./secondary-framework.jar.out/smali/android/widget/Toast$TN.smali]
framework resource id found in [./secondary-framework.jar.out/smali/android/widget/BounceGallery.smali]
adding comment for [0x1010070] -> name=[galleryStyle] type=[attr] line=[133]
added [1] comment
saving [./secondary-framework.jar.out/smali/android/widget/BounceGallery.smali]
framework resource id found in [./secondary-framework.jar.out/smali/android/widget/NumberPicker$1.smali]
correcting id for name=[increment] type=[id] [0x102033d] -> [0x1020344] line=[67]
corrected [1] resource id
added [1] comment
saving [./secondary-framework.jar.out/smali/android/widget/NumberPicker$1.smali]
framework resource id found in [./secondary-framework.jar.out/smali/android/widget/ListView.smali]
adding comment for [0x1010074] -> name=[listViewStyle] type=[attr] line=[107]
adding comment for [0x1090003] -> name=[simple_list_item_1] type=[layout] line=[188]
added [2] comments
saving [./secondary-framework.jar.out/smali/android/widget/ListView.smali]
framework resource id found in [./secondary-framework.jar.out/smali/android/widget/ProgressBar.smali]
adding comment for [0x1010077] -> name=[progressBarStyle] type=[attr] line=[117]
adding comment for [0x10a000b] -> name=[linear_interpolator] type=[anim] line=[273]
adding comment for [0x102000d] -> name=[progress] type=[id] line=[509]
adding comment for [0x102000d] -> name=[progress] type=[id] line=[802]
adding comment for [0x102000f] -> name=[secondaryProgress] type=[id] line=[806]
adding comment for [0x102000d] -> name=[progress] type=[id] line=[2470]
adding comment for [0x102000d] -> name=[progress] type=[id] line=[2564]
adding comment for [0x102000d] -> name=[progress] type=[id] line=[2664]
adding comment for [0x102000f] -> name=[secondaryProgress] type=[id] line=[2670]
adding comment for [0x102000f] -> name=[secondaryProgress] type=[id] line=[2729]
added [10] comments
saving [./secondary-framework.jar.out/smali/android/widget/ProgressBar.smali]
framework resource id found in [./secondary-framework.jar.out/smali/android/widget/TabHost$LabelAndIconIndicatorStrategy.smali]
adding comment for [0x1020016] -> name=[title] type=[id] line=[115]
adding comment for [0x1020006] -> name=[icon] type=[id] line=[125]
correcting id for name=[tab_indicator_v4] type=[drawable] [0x10805af] -> [0x10805d0] line=[194]
correcting id for name=[tab_indicator_text_v4] type=[color] [0x106007d] -> [0x1060085] line=[203]
corrected [2] resource id's
added [4] comments
saving [./secondary-framework.jar.out/smali/android/widget/TabHost$LabelAndIconIndicatorStrategy.smali]
framework resource id found in [./secondary-framework.jar.out/smali/android/widget/ToggleButton.smali]
adding comment for [0x101004b] -> name=[buttonStyleToggle] type=[attr] line=[43]
adding comment for [0x1020017] -> name=[toggle] type=[id] line=[168]
added [2] comments
saving [./secondary-framework.jar.out/smali/android/widget/ToggleButton.smali]
framework resource id found in [./secondary-framework.jar.out/smali/android/widget/MediaController.smali]
adding comment for [0x106000d] -> name=[transparent] type=[color] line=[336]
correcting id for name=[pause] type=[id] [0x1020318] -> [0x102031a] line=[864]
correcting id for name=[ffwd] type=[id] [0x1020319] -> [0x102031b] line=[893]
correcting id for name=[rew] type=[id] [0x1020317] -> [0x1020319] line=[934]
correcting id for name=[next] type=[id] [0x102031a] -> [0x102031c] line=[973]
correcting id for name=[prev] type=[id] [0x1020316] -> [0x1020318] line=[1003]
correcting id for name=[mediacontroller_progress] type=[id] [0x102031c] -> [0x102031e] line=[1033]
adding comment for [0x1020064] -> name=[time] type=[id] line=[1077]
correcting id for name=[time_current] type=[id] [0x102031b] -> [0x102031d] line=[1088]
correcting id for name=[media_controller] type=[layout] [0x1090082] -> [0x1090086] line=[1236]
adding comment for [0x1080023] -> name=[ic_media_pause] type=[drawable] line=[1972]
adding comment for [0x1080024] -> name=[ic_media_play] type=[drawable] line=[1993]
corrected [8] resource id's
added [12] comments
saving [./secondary-framework.jar.out/smali/android/widget/MediaController.smali]
framework resource id found in [./secondary-framework.jar.out/smali/android/widget/Spinner.smali]
adding comment for [0x1010081] -> name=[spinnerStyle] type=[attr] line=[72]
adding comment for [0x1010081] -> name=[spinnerStyle] type=[attr] line=[87]
added [2] comments
saving [./secondary-framework.jar.out/smali/android/widget/Spinner.smali]
framework resource id found in [./secondary-framework.jar.out/smali/android/widget/SuggestionsAdapter$ChildViewCache.smali]
adding comment for [0x1020014] -> name=[text1] type=[id] line=[40]
adding comment for [0x1020015] -> name=[text2] type=[id] line=[51]
adding comment for [0x1020007] -> name=[icon1] type=[id] line=[62]
adding comment for [0x1020008] -> name=[icon2] type=[id] line=[73]
correcting id for name=[edit_query] type=[id] [0x102036a] -> [0x1020371] line=[84]
corrected [1] resource id
added [5] comments
saving [./secondary-framework.jar.out/smali/android/widget/SuggestionsAdapter$ChildViewCache.smali]
framework resource id found in [./secondary-framework.jar.out/smali/android/widget/Button.smali]
adding comment for [0x1010048] -> name=[buttonStyle] type=[attr] line=[34]
added [1] comment
saving [./secondary-framework.jar.out/smali/android/widget/Button.smali]
framework resource id found in [./secondary-framework.jar.out/smali/android/widget/NumberPicker.smali]
correcting id for name=[number_picker] type=[layout] [0x1090095] -> [0x1090099] line=[26]
adding comment for [0x10103de] -> name=[numberPickerStyle] type=[attr] line=[261]
correcting id for name=[number_picker] type=[layout] [0x1090095] -> [0x1090099] line=[361]
correcting id for name=[number_picker] type=[layout] [0x1090095] -> [0x1090099] line=[369]
correcting id for name=[increment] type=[id] [0x102033d] -> [0x1020344] line=[702]
correcting id for name=[decrement] type=[id] [0x102033f] -> [0x1020346] line=[739]
correcting id for name=[numberpicker_input] type=[id] [0x102033e] -> [0x1020345] line=[769]
corrected [6] resource id's
added [7] comments
saving [./secondary-framework.jar.out/smali/android/widget/NumberPicker.smali]
framework resource id found in [./secondary-framework.jar.out/smali/android/widget/Editor$SuggestionsPopupWindow.smali]
correcting id for name=[addToDictionary] type=[string] [0x10403c4] -> [0x10403c8] line=[901]
correcting id for name=[deleteText] type=[string] [0x10403c5] -> [0x10403c9] line=[1017]
adding comment for [0x1010373] -> name=[textSuggestionsWindowStyle] type=[attr] line=[1283]
corrected [2] resource id's
added [3] comments
saving [./secondary-framework.jar.out/smali/android/widget/Editor$SuggestionsPopupWindow.smali]
framework resource id found in [./secondary-framework.jar.out/smali/android/widget/ActivityChooserView.smali]
adding comment for [0x1020254] -> name=[image] type=[id] line=[96]
adding comment for [0x109001e] -> name=[activity_chooser_view] type=[layout] line=[157]
adding comment for [0x1020252] -> name=[activity_chooser_view_content] type=[id] line=[169]
adding comment for [0x1020255] -> name=[default_activity_button] type=[id] line=[189]
adding comment for [0x1020253] -> name=[expand_activities_button] type=[id] line=[225]
adding comment for [0x1050007] -> name=[config_prefDialogWidth] type=[dimen] line=[289]
correcting id for name=[activitychooserview_choose_application] type=[string] [0x10404d2] -> [0x10404d6] line=[686]
corrected [1] resource id
added [7] comments
saving [./secondary-framework.jar.out/smali/android/widget/ActivityChooserView.smali]
framework resource id found in [./secondary-framework.jar.out/smali/android/widget/Switch.smali]
adding comment for [0x10100a0] -> name=[state_checked] type=[attr] line=[91]
adding comment for [0x10103f6] -> name=[switchStyle] type=[attr] line=[121]
added [2] comments
saving [./secondary-framework.jar.out/smali/android/widget/Switch.smali]
framework resource id found in [./secondary-framework.jar.out/smali/android/widget/RemoteViewsAdapter.smali]
adding comment for [0x1020247] -> name=[rowTypeId] type=[id] line=[642]
adding comment for [0x1020247] -> name=[rowTypeId] type=[id] line=[2094]
added [2] comments
saving [./secondary-framework.jar.out/smali/android/widget/RemoteViewsAdapter.smali]
framework resource id found in [./secondary-framework.jar.out/smali/android/widget/NumberPicker$2.smali]
correcting id for name=[increment] type=[id] [0x102033d] -> [0x1020344] line=[71]
corrected [1] resource id
added [1] comment
saving [./secondary-framework.jar.out/smali/android/widget/NumberPicker$2.smali]
framework resource id found in [./secondary-framework.jar.out/smali/android/widget/ZoomControls.smali]
correcting id for name=[zoom_controls] type=[layout] [0x10900ec] -> [0x10900f0] line=[53]
correcting id for name=[zoomIn] type=[id] [0x10203b9] -> [0x10203c0] line=[60]
correcting id for name=[zoomOut] type=[id] [0x10203b8] -> [0x10203bf] line=[71]
corrected [3] resource id's
added [3] comments
saving [./secondary-framework.jar.out/smali/android/widget/ZoomControls.smali]
framework resource id found in [./secondary-framework.jar.out/smali/android/widget/Toast.smali]
adding comment for [0x105000b] -> name=[toast_y_offset] type=[dimen] line=[63]
correcting id for name=[transient_notification] type=[layout] [0x10900de] -> [0x10900e2] line=[163]
adding comment for [0x102000b] -> name=[message] type=[id] line=[173]
adding comment for [0x102000b] -> name=[message] type=[id] line=[414]
corrected [1] resource id
added [4] comments
saving [./secondary-framework.jar.out/smali/android/widget/Toast.smali]
framework resource id found in [./secondary-framework.jar.out/smali/android/widget/RadioGroup.smali]
adding comment for [0x101007e] -> name=[radioButtonStyle] type=[attr] line=[86]
added [1] comment
saving [./secondary-framework.jar.out/smali/android/widget/RadioGroup.smali]
framework resource id found in [./secondary-framework.jar.out/smali/android/widget/RemoteViewsAdapter$RemoteViewsMetaData.smali]
adding comment for [0x1020247] -> name=[rowTypeId] type=[id] line=[138]
correcting id for name=[remote_views_adapter_default_loading_view] type=[layout] [0x10900b0] -> [0x10900b4] line=[224]
corrected [1] resource id
added [2] comments
saving [./secondary-framework.jar.out/smali/android/widget/RemoteViewsAdapter$RemoteViewsMetaData.smali]
framework resource id found in [./secondary-framework.jar.out/smali/android/widget/ListPopupWindow.smali]
adding comment for [0x10102ff] -> name=[listPopupWindowStyle] type=[attr] line=[109]
adding comment for [0x10102ff] -> name=[listPopupWindowStyle] type=[attr] line=[126]
added [2] comments
saving [./secondary-framework.jar.out/smali/android/widget/ListPopupWindow.smali]
framework resource id found in [./secondary-framework.jar.out/smali/android/widget/EdgeEffect.smali]
correcting id for name=[overscroll_edge] type=[drawable] [0x1080434] -> [0x1080455] line=[153]
correcting id for name=[overscroll_glow] type=[drawable] [0x1080435] -> [0x1080456] line=[161]
corrected [2] resource id's
added [2] comments
saving [./secondary-framework.jar.out/smali/android/widget/EdgeEffect.smali]
framework resource id found in [./secondary-framework.jar.out/smali/android/widget/Editor$EasyEditPopupWindow.smali]
correcting id for name=[text_edit_action_popup_text] type=[layout] [0x10900d3] -> [0x10900d7] line=[22]
adding comment for [0x10102c8] -> name=[textSelectHandleWindowStyle] type=[attr] line=[101]
correcting id for name=[text_edit_side_paste_window] type=[drawable] [0x10805c5] -> [0x10805e6] line=[212]
correcting id for name=[text_edit_action_popup_text] type=[layout] [0x10900d3] -> [0x10900d7] line=[244]
correcting id for name=[delete] type=[string] [0x10403c2] -> [0x10403c6] line=[264]
corrected [4] resource id's
added [5] comments
saving [./secondary-framework.jar.out/smali/android/widget/Editor$EasyEditPopupWindow.smali]
framework resource id found in [./secondary-framework.jar.out/smali/android/widget/TabWidget.smali]
adding comment for [0x1010083] -> name=[tabWidgetStyle] type=[attr] line=[62]
correcting id for name=[tab_bottom_left_v4] type=[drawable] [0x10805a6] -> [0x10805c7] line=[192]
correcting id for name=[tab_bottom_right_v4] type=[drawable] [0x10805a8] -> [0x10805c9] line=[207]
correcting id for name=[tab_bottom_left] type=[drawable] [0x10805a5] -> [0x10805c6] line=[233]
correcting id for name=[tab_bottom_right] type=[drawable] [0x10805a7] -> [0x10805c8] line=[248]
corrected [4] resource id's
added [5] comments
saving [./secondary-framework.jar.out/smali/android/widget/TabWidget.smali]
framework resource id found in [./secondary-framework.jar.out/smali/android/widget/Gallery.smali]
adding comment for [0x1010070] -> name=[galleryStyle] type=[attr] line=[96]
added [1] comment
saving [./secondary-framework.jar.out/smali/android/widget/Gallery.smali]
framework resource id found in [./secondary-framework.jar.out/smali/android/widget/TextView.smali]
adding comment for [0x1020021] -> name=[copy] type=[id] line=[43]
adding comment for [0x1020020] -> name=[cut] type=[id] line=[45]
adding comment for [0x1020022] -> name=[paste] type=[id] line=[47]
adding comment for [0x102001f] -> name=[selectAll] type=[id] line=[49]
adding comment for [0x101034d] -> name=[state_multiline] type=[attr] line=[294]
adding comment for [0x1010084] -> name=[textViewStyle] type=[attr] line=[345]
adding comment for [0x10100a7] -> name=[state_pressed] type=[attr] line=[17825]
adding comment for [0x102001f] -> name=[selectAll] type=[id] line=[20172]
adding comment for [0x1020020] -> name=[cut] type=[id] line=[20189]
adding comment for [0x1020021] -> name=[copy] type=[id] line=[20206]
adding comment for [0x1020022] -> name=[paste] type=[id] line=[20223]
adding comment for [0x102001f] -> name=[selectAll] type=[id] line=[22578]
correcting id for name=[indicator_input_error] type=[drawable] [0x1080378] -> [0x1080392] line=[25245]
corrected [1] resource id
added [13] comments
saving [./secondary-framework.jar.out/smali/android/widget/TextView.smali]
framework resource id found in [./secondary-framework.jar.out/smali/android/widget/GridLayout.smali]
adding comment for [0x1050048] -> name=[default_gap] type=[dimen] line=[292]
added [1] comment
saving [./secondary-framework.jar.out/smali/android/widget/GridLayout.smali]
framework resource id found in [./secondary-framework.jar.out/smali/android/widget/MultiAutoCompleteTextView.smali]
adding comment for [0x101006b] -> name=[autoCompleteTextViewStyle] type=[attr] line=[42]
added [1] comment
saving [./secondary-framework.jar.out/smali/android/widget/MultiAutoCompleteTextView.smali]
framework resource id found in [./secondary-framework.jar.out/smali/android/widget/FastScroller.smali]
adding comment for [0x10100a7] -> name=[state_pressed] type=[attr] line=[150]
adding comment for [0x1010359] -> name=[fastScrollTextColor] type=[attr] line=[176]
adding comment for [0x1010336] -> name=[fastScrollThumbDrawable] type=[attr] line=[177]
adding comment for [0x1010339] -> name=[fastScrollTrackDrawable] type=[attr] line=[178]
adding comment for [0x1010337] -> name=[fastScrollPreviewBackgroundLeft] type=[attr] line=[179]
adding comment for [0x1010338] -> name=[fastScrollPreviewBackgroundRight] type=[attr] line=[180]
adding comment for [0x101033a] -> name=[fastScrollOverlayPosition] type=[attr] line=[181]
adding comment for [0x1050015] -> name=[fastscroll_overlay_size] type=[dimen] line=[665]
adding comment for [0x1050016] -> name=[fastscroll_thumb_width] type=[dimen] line=[1048]
adding comment for [0x1050017] -> name=[fastscroll_thumb_height] type=[dimen] line=[1061]
added [10] comments
saving [./secondary-framework.jar.out/smali/android/widget/FastScroller.smali]
files processed [1400]
files changed [111]
